#
# A fatal error has been detected by the Java Runtime Environment:
#
#  SIGSEGV (0xb) at pc=0x000000010e6b3c2e, pid=44058, tid=0x0000000000000307
#
# JRE version: Java(TM) SE Runtime Environment (8.0_261-b12) (build 1.8.0_261-b12)
# Java VM: Java HotSpot(TM) 64-Bit Server VM (25.261-b12 mixed mode bsd-amd64 compressed oops)
# Problematic frame:
# C  [_jpype.cpython-37m-darwin.so+0x29c2e]  _ZN7JPClass6invokeER11JPJavaFrameP8_jobjectP7_jclassP10_jmethodIDP6jvalue+0x7e
#
# Failed to write core dump. Core dumps have been disabled. To enable core dumping, try "ulimit -c unlimited" before starting Java again
#
# If you would like to submit a bug report, please visit:
#   http://bugreport.java.com/bugreport/crash.jsp
# The crash happened outside the Java Virtual Machine in native code.
# See problematic frame for where to report the bug.
#

---------------  T H R E A D  ---------------

Current thread (0x00007fc3d0e5d000):  JavaThread "main" [_thread_in_native, id=775, stack(0x00007ffee0e35000,0x00007ffee1e35000)]

siginfo: si_signo: 11 (SIGSEGV), si_code: 1 (SEGV_MAPERR), si_addr: 0x0000000000000000

Registers:
RAX=0x0000000000000000, RBX=0x00007fc3ba025608, RCX=0x00007fc3d25f6e01, RDX=0x0000000000000004
RSP=0x00007ffee1e33850, RBP=0x00007ffee1e338c0, RSI=0x0000000000000004, RDI=0x00007fc3d0e5d000
R8 =0x000000015c063258, R9 =0x0000000149c0fbe0, R10=0x0000000149c19730, R11=0x0000000149c067db
R12=0x0000000000000000, R13=0x00007fc3b7ba0740, R14=0x0000000000000000, R15=0x00007ffee1e339c0
RIP=0x000000010e6b3c2e, EFLAGS=0x0000000000010206, ERR=0x0000000000000004
  TRAPNO=0x000000000000000e

Top of Stack: (sp=0x00007ffee1e33850)
0x00007ffee1e33850:   00007ffee1e338c0 000000010e6b19c0
0x00007ffee1e33860:   00007ffee1e33900 0000000000000004
0x00007ffee1e33870:   00007fc3c6c074c0 00007ffee1e33a10
0x00007ffee1e33880:   00007ffee1e338a0 00007fff70877cf5
0x00007ffee1e33890:   0000000000000000 000000010e6b3bb0
0x00007ffee1e338a0:   00007ffee1e339c0 00007ffee1e33950
0x00007ffee1e338b0:   00007ffee1e33a10 00007fc3d078b6e0
0x00007ffee1e338c0:   00007ffee1e33940 000000010e68c9db
0x00007ffee1e338d0:   00007fc3b7d298a0 00007fc3b7d1efa0
0x00007ffee1e338e0:   00007ffee1e339c0 00007ffee1e33a10
0x00007ffee1e338f0:   00007fc3b7d1efa0 000000010e692705
0x00007ffee1e33900:   00007fc3b7d298a0 00007fc3b7d298c8
0x00007ffee1e33910:   00007fc3b7d298c8 0000000000000001
0x00007ffee1e33920:   0000000000000001 00007fc3b7ba0d50
0x00007ffee1e33930:   00007ffee1e339c0 00007ffee1e339e0
0x00007ffee1e33940:   00007ffee1e339b0 000000010e69696c
0x00007ffee1e33950:   34b6a1997c511078 00007fc3b7ba0cd0
0x00007ffee1e33960:   00007fc3b7d22ca0 00007fc3b7d22d60
0x00007ffee1e33970:   00007fc3b7d22d60 0001000000000003
0x00007ffee1e33980:   00007ffee1e33a10 00007fc3c6c1df30
0x00007ffee1e33990:   0000000000000000 0000000000000003
0x00007ffee1e339a0:   00007fc3bb3acaa0 00007fc3bb3bba10
0x00007ffee1e339b0:   00007ffee1e33a30 000000010e6cda9e
0x00007ffee1e339c0:   00007fc3c6c1df30 00007fc3d0e5d1f8
0x00007ffee1e339d0:   00007ffee1e30100 0000000000000000
0x00007ffee1e339e0:   00007fc3bb3a16e0 00007fc3bb3acaa0
0x00007ffee1e339f0:   00007fc3b7d30370 00007fc3b7d30390
0x00007ffee1e33a00:   00007fc3b7d30390 00007fc3bb3bba10
0x00007ffee1e33a10:   00007ffee1e33a30 0000000000000000
0x00007ffee1e33a20:   00007fc3bb364bf8 00007fc3bb3acaa0
0x00007ffee1e33a30:   00007ffee1e33aa0 000000010ddf6a0c
0x00007ffee1e33a40:   00007fc3ca2003b0 000000010e6cd9f0 

Instructions: (pc=0x000000010e6b3c2e)
0x000000010e6b3c0e:   ff 48 89 c3 48 8d 7d b0 e8 45 ce 01 00 48 85 db
0x000000010e6b3c1e:   74 0e 4c 89 ff 48 89 de e8 e5 5d fe ff 49 89 c4
0x000000010e6b3c2e:   49 8b 04 24 48 8b 7d b8 4c 89 e6 4c 89 fa 48 89
0x000000010e6b3c3e:   d9 45 31 c0 ff 50 38 48 8b 45 b8 48 83 c4 48 5b 

Register to memory mapping:

RAX=0x0000000000000000 is an unknown value
RBX=0x00007fc3ba025608 is an unknown value
RCX=0x00007fc3d25f6e01 is an unknown value
RDX=0x0000000000000004 is an unknown value
RSP=0x00007ffee1e33850 is pointing into the stack for thread: 0x00007fc3d0e5d000
RBP=0x00007ffee1e338c0 is pointing into the stack for thread: 0x00007fc3d0e5d000
RSI=0x0000000000000004 is an unknown value
RDI=0x00007fc3d0e5d000 is a thread
R8 ={method} {0x000000015c063258} 'findClassForObject' '(Ljava/lang/Object;)J' in 'org/jpype/manager/TypeManager'
R9 =0x0000000149c0fbe0: _ZN2os16_processor_countE+0 in /Library/Java/JavaVirtualMachines/jdk1.8.0_261.jdk/Contents/Home/jre/lib/server/libjvm.dylib at 0x00000001494e8000
R10=0x0000000149c19730: _ZN19TemplateInterpreter13_active_tableE+0x2800 in /Library/Java/JavaVirtualMachines/jdk1.8.0_261.jdk/Contents/Home/jre/lib/server/libjvm.dylib at 0x00000001494e8000
R11=0x0000000149c067db: AssumeMP+0 in /Library/Java/JavaVirtualMachines/jdk1.8.0_261.jdk/Contents/Home/jre/lib/server/libjvm.dylib at 0x00000001494e8000
R12=0x0000000000000000 is an unknown value
R13=0x00007fc3b7ba0740 is an unknown value
R14=0x0000000000000000 is an unknown value
R15=0x00007ffee1e339c0 is pointing into the stack for thread: 0x00007fc3d0e5d000


Stack: [0x00007ffee0e35000,0x00007ffee1e35000],  sp=0x00007ffee1e33850,  free space=16378k
Native frames: (J=compiled Java code, j=interpreted, Vv=VM code, C=native code)
C  [_jpype.cpython-37m-darwin.so+0x29c2e]  _ZN7JPClass6invokeER11JPJavaFrameP8_jobjectP7_jclassP10_jmethodIDP6jvalue+0x7e
C  [_jpype.cpython-37m-darwin.so+0x29db]  _ZN8JPMethod6invokeER11JPJavaFrameR13JPMethodMatchR16JPPyObjectVectorb+0x1eb
C  [_jpype.cpython-37m-darwin.so+0xc96c]  _ZN16JPMethodDispatch6invokeER11JPJavaFrameR16JPPyObjectVectorb+0x6c
C  [_jpype.cpython-37m-darwin.so+0x43a9e]  _ZL15PyJPMethod_callP10PyJPMethodP7_objectS2_+0xae
C  [python+0x2ba0c]  _PyObject_FastCallKeywords+0xac
C  [python+0x15cc13]  call_function+0x203
C  [python+0x154720]  _PyEval_EvalFrameDefault+0x4f10
C  [python+0x14e157]  _PyEval_EvalCodeWithName+0x227
C  [python+0x2bfc9]  _PyFunction_FastCallKeywords+0x199
C  [python+0x15cacc]  call_function+0xbc
C  [python+0x154f5b]  _PyEval_EvalFrameDefault+0x574b
C  [python+0x14e157]  _PyEval_EvalCodeWithName+0x227
C  [python+0x2bfc9]  _PyFunction_FastCallKeywords+0x199
C  [python+0x15cacc]  call_function+0xbc
C  [python+0x154f5b]  _PyEval_EvalFrameDefault+0x574b
C  [python+0x2bf1b]  _PyFunction_FastCallKeywords+0xeb
C  [python+0x15cacc]  call_function+0xbc
C  [python+0x154ebb]  _PyEval_EvalFrameDefault+0x56ab
C  [python+0x14e157]  _PyEval_EvalCodeWithName+0x227
C  [python+0x1b793e]  PyRun_FileExFlags+0xee
C  [python+0x1b72f8]  PyRun_SimpleFileExFlags+0x1f8
C  [python+0x1dfde0]  pymain_run_file+0xa0
C  [python+0x1df6db]  pymain_run_filename+0x7b
C  [python+0x1deec1]  pymain_run_python+0x91
C  [python+0x1deb3b]  pymain_main+0x1b
C  [python+0x1329]  main+0x59
C  [libdyld.dylib+0x1acc9]  start+0x1
C  0x0000000000000002


---------------  P R O C E S S  ---------------

Java Threads: ( => current thread )
  0x00007fc3c86d2000 JavaThread "SIGINT handler" daemon [_thread_blocked, id=37379, stack(0x0000700006c4e000,0x0000700006d4e000)]
  0x00007fc3c762c000 JavaThread "Service Thread" daemon [_thread_blocked, id=75523, stack(0x0000700008096000,0x0000700008196000)]
  0x00007fc3d0e8a000 JavaThread "C1 CompilerThread3" daemon [_thread_blocked, id=75779, stack(0x0000700007f93000,0x0000700008093000)]
  0x00007fc3d0e89800 JavaThread "C2 CompilerThread2" daemon [_thread_in_native, id=76035, stack(0x0000700007e90000,0x0000700007f90000)]
  0x00007fc3c9032000 JavaThread "C2 CompilerThread1" daemon [_thread_blocked, id=76291, stack(0x0000700007d8d000,0x0000700007e8d000)]
  0x00007fc3c75f0000 JavaThread "C2 CompilerThread0" daemon [_thread_blocked, id=76803, stack(0x0000700007c8a000,0x0000700007d8a000)]
  0x00007fc3c7602000 JavaThread "Signal Dispatcher" daemon [_thread_blocked, id=52227, stack(0x0000700007b87000,0x0000700007c87000)]
  0x00007fc3c81b1800 JavaThread "Finalizer" daemon [_thread_blocked, id=77827, stack(0x0000700007a84000,0x0000700007b84000)]
  0x00007fc3c81a9000 JavaThread "Reference Handler" daemon [_thread_blocked, id=78339, stack(0x0000700007981000,0x0000700007a81000)]
=>0x00007fc3d0e5d000 JavaThread "main" [_thread_in_native, id=775, stack(0x00007ffee0e35000,0x00007ffee1e35000)]

Other Threads:
  0x00007fc3d0e77000 VMThread [stack: 0x000070000787e000,0x000070000797e000] [id=51715]
  0x00007fc3c75d0800 WatcherThread [stack: 0x0000700008199000,0x0000700008299000] [id=53763]

VM state:not at safepoint (normal execution)

VM Mutex/Monitor currently owned by a thread: None

heap address: 0x0000000780000000, size: 1024 MB, Compressed Oops mode: Zero based, Oop shift amount: 3
Narrow klass base: 0x0000000000000000, Narrow klass shift: 3
Compressed class space size: 1073741824 Address: 0x00000007c0000000

Heap:
 PSYoungGen      total 282624K, used 17194K [0x00000007aab00000, 0x00000007bd100000, 0x00000007c0000000)
  eden space 266240K, 6% used [0x00000007aab00000,0x00000007abbcab28,0x00000007baf00000)
  from space 16384K, 0% used [0x00000007bc100000,0x00000007bc100000,0x00000007bd100000)
  to   space 17408K, 0% used [0x00000007baf00000,0x00000007baf00000,0x00000007bc000000)
 ParOldGen       total 87552K, used 72321K [0x0000000780000000, 0x0000000785580000, 0x00000007aab00000)
  object space 87552K, 82% used [0x0000000780000000,0x00000007846a0690,0x0000000785580000)
 Metaspace       used 13406K, capacity 14074K, committed 14336K, reserved 1060864K
  class space    used 2026K, capacity 2182K, committed 2304K, reserved 1048576K

Card table byte_map: [0x00000001596f4000,0x00000001598f5000] byte_map_base: 0x0000000155af4000

Marking Bits: (ParMarkBitMap*) 0x0000000149c10748
 Begin Bits: [0x0000000159a4b000, 0x000000015aa4b000)
 End Bits:   [0x000000015aa4b000, 0x000000015ba4b000)

Polling page: 0x00000001493f5000

CodeCache: size=245760Kb used=7695Kb max_used=7695Kb free=238064Kb
 bounds [0x000000014a334000, 0x000000014aac4000, 0x0000000159334000]
 total_blobs=2742 nmethods=2384 adapters=271
 compilation: enabled

Compilation events (10 events):
Event: 4.622 Thread 0x00007fc3c9032000 nmethod 2375 0x000000014aaaab90 code [0x000000014aaaad00, 0x000000014aaab2f8]
Event: 4.627 Thread 0x00007fc3d0e8a000 nmethod 2376 0x000000014aaab5d0 code [0x000000014aaac360, 0x000000014aab7c58]
Event: 4.627 Thread 0x00007fc3d0e8a000 2383       1       scala.collection.mutable.HashMap::seedvalue (5 bytes)
Event: 4.627 Thread 0x00007fc3d0e8a000 nmethod 2383 0x000000014aaaa8d0 code [0x000000014aaaaa20, 0x000000014aaaab30]
Event: 4.627 Thread 0x00007fc3d0e8a000 2384       1       scala.collection.mutable.HashMap::sizemap (5 bytes)
Event: 4.627 Thread 0x00007fc3d0e8a000 nmethod 2384 0x000000014aaaa610 code [0x000000014aaaa760, 0x000000014aaaa870]
Event: 4.627 Thread 0x00007fc3d0e8a000 2385       1       scala.collection.mutable.DefaultEntry::key (5 bytes)
Event: 4.627 Thread 0x00007fc3d0e8a000 nmethod 2385 0x000000014aaaa350 code [0x000000014aaaa4a0, 0x000000014aaaa5b0]
Event: 4.665 Thread 0x00007fc3d0e8a000 2386       3       java.util.HashMap$HashIterator::hasNext (13 bytes)
Event: 4.665 Thread 0x00007fc3d0e8a000 nmethod 2386 0x000000014aaa9fd0 code [0x000000014aaaa140, 0x000000014aaaa2f0]

GC Heap History (10 events):
Event: 4.059 GC heap before
{Heap before GC invocations=26 (full 10):
 PSYoungGen      total 284160K, used 9440K [0x00000007aab00000, 0x00000007bd300000, 0x00000007c0000000)
  eden space 266240K, 0% used [0x00000007aab00000,0x00000007aab00000,0x00000007baf00000)
  from space 17920K, 52% used [0x00000007bc180000,0x00000007bcab8000,0x00000007bd300000)
  to   space 18432K, 0% used [0x00000007baf00000,0x00000007baf00000,0x00000007bc100000)
 ParOldGen       total 87552K, used 55708K [0x0000000780000000, 0x0000000785580000, 0x00000007aab00000)
  object space 87552K, 63% used [0x0000000780000000,0x0000000783667310,0x0000000785580000)
 Metaspace       used 13191K, capacity 13820K, committed 13952K, reserved 1060864K
  class space    used 2004K, capacity 2145K, committed 2176K, reserved 1048576K
Event: 4.191 GC heap after
Heap after GC invocations=26 (full 10):
 PSYoungGen      total 284160K, used 0K [0x00000007aab00000, 0x00000007bd300000, 0x00000007c0000000)
  eden space 266240K, 0% used [0x00000007aab00000,0x00000007aab00000,0x00000007baf00000)
  from space 17920K, 0% used [0x00000007bc180000,0x00000007bc180000,0x00000007bd300000)
  to   space 18432K, 0% used [0x00000007baf00000,0x00000007baf00000,0x00000007bc100000)
 ParOldGen       total 87552K, used 60139K [0x0000000780000000, 0x0000000785580000, 0x00000007aab00000)
  object space 87552K, 68% used [0x0000000780000000,0x0000000783abae78,0x0000000785580000)
 Metaspace       used 13191K, capacity 13820K, committed 13952K, reserved 1060864K
  class space    used 2004K, capacity 2145K, committed 2176K, reserved 1048576K
}
Event: 4.253 GC heap before
{Heap before GC invocations=27 (full 10):
 PSYoungGen      total 284160K, used 94146K [0x00000007aab00000, 0x00000007bd300000, 0x00000007c0000000)
  eden space 266240K, 35% used [0x00000007aab00000,0x00000007b06f0b08,0x00000007baf00000)
  from space 17920K, 0% used [0x00000007bc180000,0x00000007bc180000,0x00000007bd300000)
  to   space 18432K, 0% used [0x00000007baf00000,0x00000007baf00000,0x00000007bc100000)
 ParOldGen       total 87552K, used 60139K [0x0000000780000000, 0x0000000785580000, 0x00000007aab00000)
  object space 87552K, 68% used [0x0000000780000000,0x0000000783abae78,0x0000000785580000)
 Metaspace       used 13191K, capacity 13820K, committed 13952K, reserved 1060864K
  class space    used 2004K, capacity 2145K, committed 2176K, reserved 1048576K
Event: 4.263 GC heap after
Heap after GC invocations=27 (full 10):
 PSYoungGen      total 284672K, used 11040K [0x00000007aab00000, 0x00000007bd300000, 0x00000007c0000000)
  eden space 266240K, 0% used [0x00000007aab00000,0x00000007aab00000,0x00000007baf00000)
  from space 18432K, 59% used [0x00000007baf00000,0x00000007bb9c8000,0x00000007bc100000)
  to   space 18432K, 0% used [0x00000007bc100000,0x00000007bc100000,0x00000007bd300000)
 ParOldGen       total 87552K, used 60139K [0x0000000780000000, 0x0000000785580000, 0x00000007aab00000)
  object space 87552K, 68% used [0x0000000780000000,0x0000000783abae78,0x0000000785580000)
 Metaspace       used 13191K, capacity 13820K, committed 13952K, reserved 1060864K
  class space    used 2004K, capacity 2145K, committed 2176K, reserved 1048576K
}
Event: 4.263 GC heap before
{Heap before GC invocations=28 (full 11):
 PSYoungGen      total 284672K, used 11040K [0x00000007aab00000, 0x00000007bd300000, 0x00000007c0000000)
  eden space 266240K, 0% used [0x00000007aab00000,0x00000007aab00000,0x00000007baf00000)
  from space 18432K, 59% used [0x00000007baf00000,0x00000007bb9c8000,0x00000007bc100000)
  to   space 18432K, 0% used [0x00000007bc100000,0x00000007bc100000,0x00000007bd300000)
 ParOldGen       total 87552K, used 60139K [0x0000000780000000, 0x0000000785580000, 0x00000007aab00000)
  object space 87552K, 68% used [0x0000000780000000,0x0000000783abae78,0x0000000785580000)
 Metaspace       used 13191K, capacity 13820K, committed 13952K, reserved 1060864K
  class space    used 2004K, capacity 2145K, committed 2176K, reserved 1048576K
Event: 4.404 GC heap after
Heap after GC invocations=28 (full 11):
 PSYoungGen      total 284672K, used 0K [0x00000007aab00000, 0x00000007bd300000, 0x00000007c0000000)
  eden space 266240K, 0% used [0x00000007aab00000,0x00000007aab00000,0x00000007baf00000)
  from space 18432K, 0% used [0x00000007baf00000,0x00000007baf00000,0x00000007bc100000)
  to   space 18432K, 0% used [0x00000007bc100000,0x00000007bc100000,0x00000007bd300000)
 ParOldGen       total 87552K, used 70412K [0x0000000780000000, 0x0000000785580000, 0x00000007aab00000)
  object space 87552K, 80% used [0x0000000780000000,0x00000007844c3318,0x0000000785580000)
 Metaspace       used 13191K, capacity 13820K, committed 13952K, reserved 1060864K
  class space    used 2004K, capacity 2145K, committed 2176K, reserved 1048576K
}
Event: 4.475 GC heap before
{Heap before GC invocations=29 (full 11):
 PSYoungGen      total 284672K, used 73270K [0x00000007aab00000, 0x00000007bd300000, 0x00000007c0000000)
  eden space 266240K, 27% used [0x00000007aab00000,0x00000007af28d908,0x00000007baf00000)
  from space 18432K, 0% used [0x00000007baf00000,0x00000007baf00000,0x00000007bc100000)
  to   space 18432K, 0% used [0x00000007bc100000,0x00000007bc100000,0x00000007bd300000)
 ParOldGen       total 87552K, used 70412K [0x0000000780000000, 0x0000000785580000, 0x00000007aab00000)
  object space 87552K, 80% used [0x0000000780000000,0x00000007844c3318,0x0000000785580000)
 Metaspace       used 13305K, capacity 13890K, committed 13952K, reserved 1060864K
  class space    used 2006K, capacity 2146K, committed 2176K, reserved 1048576K
Event: 4.483 GC heap after
Heap after GC invocations=29 (full 11):
 PSYoungGen      total 282624K, used 7403K [0x00000007aab00000, 0x00000007bd100000, 0x00000007c0000000)
  eden space 266240K, 0% used [0x00000007aab00000,0x00000007aab00000,0x00000007baf00000)
  from space 16384K, 45% used [0x00000007bc100000,0x00000007bc83acc0,0x00000007bd100000)
  to   space 17408K, 0% used [0x00000007baf00000,0x00000007baf00000,0x00000007bc000000)
 ParOldGen       total 87552K, used 70412K [0x0000000780000000, 0x0000000785580000, 0x00000007aab00000)
  object space 87552K, 80% used [0x0000000780000000,0x00000007844c3318,0x0000000785580000)
 Metaspace       used 13305K, capacity 13890K, committed 13952K, reserved 1060864K
  class space    used 2006K, capacity 2146K, committed 2176K, reserved 1048576K
}
Event: 4.483 GC heap before
{Heap before GC invocations=30 (full 12):
 PSYoungGen      total 282624K, used 7403K [0x00000007aab00000, 0x00000007bd100000, 0x00000007c0000000)
  eden space 266240K, 0% used [0x00000007aab00000,0x00000007aab00000,0x00000007baf00000)
  from space 16384K, 45% used [0x00000007bc100000,0x00000007bc83acc0,0x00000007bd100000)
  to   space 17408K, 0% used [0x00000007baf00000,0x00000007baf00000,0x00000007bc000000)
 ParOldGen       total 87552K, used 70412K [0x0000000780000000, 0x0000000785580000, 0x00000007aab00000)
  object space 87552K, 80% used [0x0000000780000000,0x00000007844c3318,0x0000000785580000)
 Metaspace       used 13305K, capacity 13890K, committed 13952K, reserved 1060864K
  class space    used 2006K, capacity 2146K, committed 2176K, reserved 1048576K
Event: 4.606 GC heap after
Heap after GC invocations=30 (full 12):
 PSYoungGen      total 282624K, used 0K [0x00000007aab00000, 0x00000007bd100000, 0x00000007c0000000)
  eden space 266240K, 0% used [0x00000007aab00000,0x00000007aab00000,0x00000007baf00000)
  from space 16384K, 0% used [0x00000007bc100000,0x00000007bc100000,0x00000007bd100000)
  to   space 17408K, 0% used [0x00000007baf00000,0x00000007baf00000,0x00000007bc000000)
 ParOldGen       total 87552K, used 72321K [0x0000000780000000, 0x0000000785580000, 0x00000007aab00000)
  object space 87552K, 82% used [0x0000000780000000,0x00000007846a0690,0x0000000785580000)
 Metaspace       used 13305K, capacity 13890K, committed 13952K, reserved 1060864K
  class space    used 2006K, capacity 2146K, committed 2176K, reserved 1048576K
}

Deoptimization events (10 events):
Event: 3.991 Thread 0x00007fc3d0e5d000 Uncommon trap: reason=bimorphic action=maybe_recompile pc=0x000000014aa8bc20 method=scala.collection.immutable.HashMap$HashTrieMap.updated0(Ljava/lang/Object;IILjava/lang/Object;Lscala/Tuple2;Lscala/collection/immutable/HashMap$Merger;)Lscala/collection/i
Event: 3.992 Thread 0x00007fc3d0e5d000 Uncommon trap: reason=bimorphic action=maybe_recompile pc=0x000000014aa8bd04 method=scala.collection.immutable.HashMap$HashTrieMap.updated0(Ljava/lang/Object;IILjava/lang/Object;Lscala/Tuple2;Lscala/collection/immutable/HashMap$Merger;)Lscala/collection/i
Event: 4.416 Thread 0x00007fc3d0e5d000 Uncommon trap: reason=class_check action=maybe_recompile pc=0x000000014aa77bf4 method=scala.collection.mutable.MapBuilder.$plus$eq(Lscala/Tuple2;)Lscala/collection/mutable/MapBuilder; @ 6
Event: 4.416 Thread 0x00007fc3d0e5d000 Uncommon trap: reason=class_check action=maybe_recompile pc=0x000000014aa77bf4 method=scala.collection.mutable.MapBuilder.$plus$eq(Lscala/Tuple2;)Lscala/collection/mutable/MapBuilder; @ 6
Event: 4.416 Thread 0x00007fc3d0e5d000 Uncommon trap: reason=class_check action=maybe_recompile pc=0x000000014aa77bf4 method=scala.collection.mutable.MapBuilder.$plus$eq(Lscala/Tuple2;)Lscala/collection/mutable/MapBuilder; @ 6
Event: 4.416 Thread 0x00007fc3d0e5d000 Uncommon trap: reason=class_check action=maybe_recompile pc=0x000000014aa77bf4 method=scala.collection.mutable.MapBuilder.$plus$eq(Lscala/Tuple2;)Lscala/collection/mutable/MapBuilder; @ 6
Event: 4.416 Thread 0x00007fc3d0e5d000 Uncommon trap: reason=class_check action=maybe_recompile pc=0x000000014aa7e11c method=scala.collection.mutable.MapBuilder.$plus$eq(Lscala/Tuple2;)Lscala/collection/mutable/MapBuilder; @ 6
Event: 4.459 Thread 0x00007fc3d0e5d000 Uncommon trap: reason=unstable_if action=reinterpret pc=0x000000014a7e3050 method=scala.collection.immutable.HashMap$HashTrieMap.get0(Ljava/lang/Object;II)Lscala/Option; @ 13
Event: 4.620 Thread 0x00007fc3d0e5d000 Uncommon trap: reason=unstable_if action=reinterpret pc=0x000000014aa0e57c method=scala.runtime.BoxesRunTime.equals2(Ljava/lang/Object;Ljava/lang/Object;)Z @ 4
Event: 4.620 Thread 0x00007fc3d0e5d000 Uncommon trap: reason=unstable_if action=reinterpret pc=0x000000014aa54b78 method=scala.runtime.BoxesRunTime.equals2(Ljava/lang/Object;Ljava/lang/Object;)Z @ 4

Classes redefined (0 events):
No events

Internal exceptions (10 events):
Event: 3.391 Thread 0x00007fc3d0e5d000 Exception <a 'java/lang/NoSuchMethodError': java.lang.Object.$anonfun$foreach$5(Lscala/collection/TraversableViewLike$Filtered;Lscala/Function1;Ljava/lang/Object;)Ljava/lang/Object;> (0x00000007aba9cc70) thrown at [/jenkins/workspace/8-2-build-macosx-x86_
Event: 3.394 Thread 0x00007fc3d0e5d000 Exception <a 'java/lang/NoSuchMethodError': java.lang.Object.$anonfun$count$1$adapted(Lscala/Function1;Lscala/runtime/IntRef;Ljava/lang/Object;)Ljava/lang/Object;> (0x00000007abac7fd8) thrown at [/jenkins/workspace/8-2-build-macosx-x86_64/jdk8u261/295/hot
Event: 3.413 Thread 0x00007fc3d0e5d000 Exception <a 'java/lang/NoSuchMethodError': java.lang.Object.$anonfun$sliding$1(Lscala/collection/IterableLike;Lscala/collection/Seq;)Ljava/lang/Object;> (0x00000007abb2f160) thrown at [/jenkins/workspace/8-2-build-macosx-x86_64/jdk8u261/295/hotspot/src/s
Event: 3.417 Thread 0x00007fc3d0e5d000 Exception <a 'java/lang/NoSuchMethodError': java.lang.Object.$anonfun$sum$1(Lscala/math/Numeric;Ljava/lang/Object;Ljava/lang/Object;)Ljava/lang/Object;> (0x00000007abb7be20) thrown at [/jenkins/workspace/8-2-build-macosx-x86_64/jdk8u261/295/hotspot/src/sh
Event: 3.526 Thread 0x00007fc3d0e5d000 Exception <a 'java/lang/NoSuchMethodError': java.lang.Object.$anonfun$distinct$1(Lscala/collection/mutable/Builder;Lscala/collection/mutable/HashSet;Ljava/lang/Object;)Ljava/lang/Object;> (0x00000007ae0b89d0) thrown at [/jenkins/workspace/8-2-build-macosx
Event: 3.536 Thread 0x00007fc3d0e5d000 Exception <a 'java/lang/NoSuchMethodError': java.lang.Object.$anonfun$releaseVersion$1$adapted(Ljava/lang/String;)Ljava/lang/Object;> (0x00000007ae159638) thrown at [/jenkins/workspace/8-2-build-macosx-x86_64/jdk8u261/295/hotspot/src/share/vm/interpreter/
Event: 3.537 Thread 0x00007fc3d0e5d000 Exception <a 'java/lang/NoSuchMethodError': java.lang.Object.$anonfun$releaseVersion$2(Ljava/lang/String;)Ljava/lang/String;> (0x00000007ae164700) thrown at [/jenkins/workspace/8-2-build-macosx-x86_64/jdk8u261/295/hotspot/src/share/vm/interpreter/linkReso
Event: 3.537 Thread 0x00007fc3d0e5d000 Exception <a 'java/lang/NoSuchMethodError': java.lang.Object.$anonfun$developmentVersion$1$adapted(Ljava/lang/String;)Ljava/lang/Object;> (0x00000007ae168898) thrown at [/jenkins/workspace/8-2-build-macosx-x86_64/jdk8u261/295/hotspot/src/share/vm/interpre
Event: 3.538 Thread 0x00007fc3d0e5d000 Exception <a 'java/lang/NoSuchMethodError': java.lang.Object.$anonfun$developmentVersion$2(Lscala/util/PropertiesTrait;Ljava/lang/String;)Lscala/Option;> (0x00000007ae16c660) thrown at [/jenkins/workspace/8-2-build-macosx-x86_64/jdk8u261/295/hotspot/src/s
Event: 4.619 Thread 0x00007fc3d0e5d000 Exception <a 'java/lang/NoSuchMethodError': java.lang.Object.$anonfun$filterImpl$1(Lscala/Function1;ZLscala/collection/mutable/Builder;Ljava/lang/Object;)Ljava/lang/Object;> (0x00000007aab56e40) thrown at [/jenkins/workspace/8-2-build-macosx-x86_64/jdk8u2

Events (10 events):
Event: 4.655 loading class java/util/IdentityHashMap$IdentityHashMapIterator
Event: 4.655 loading class java/util/IdentityHashMap$IdentityHashMapIterator done
Event: 4.655 loading class java/util/IdentityHashMap$KeyIterator done
Event: 4.655 Thread 0x00007fc3c068c000 Thread added: 0x00007fc3c068c000
Event: 4.662 Executing VM operation: ThreadDump
Event: 4.662 Executing VM operation: ThreadDump done
Event: 4.662 Executing VM operation: RevokeBias
Event: 4.662 Executing VM operation: RevokeBias done
Event: 4.665 Thread 0x00007fc3d0ece800 Thread exited: 0x00007fc3d0ece800
Event: 4.665 Thread 0x00007fc3c068c000 Thread exited: 0x00007fc3c068c000


Dynamic libraries:
0x00007fff6d6a6000 	/usr/lib/libSystem.B.dylib
0x00007fff704a3000 	/usr/lib/system/libcache.dylib
0x00007fff704a9000 	/usr/lib/system/libcommonCrypto.dylib
0x00007fff704b5000 	/usr/lib/system/libcompiler_rt.dylib
0x00007fff704bd000 	/usr/lib/system/libcopyfile.dylib
0x00007fff704c7000 	/usr/lib/system/libcorecrypto.dylib
0x00007fff70666000 	/usr/lib/system/libdispatch.dylib
0x00007fff706a7000 	/usr/lib/system/libdyld.dylib
0x00007fff706de000 	/usr/lib/system/libkeymgr.dylib
0x00007fff706ec000 	/usr/lib/system/liblaunch.dylib
0x00007fff706ed000 	/usr/lib/system/libmacho.dylib
0x00007fff706f3000 	/usr/lib/system/libquarantine.dylib
0x00007fff706f6000 	/usr/lib/system/libremovefile.dylib
0x00007fff706f8000 	/usr/lib/system/libsystem_asl.dylib
0x00007fff70710000 	/usr/lib/system/libsystem_blocks.dylib
0x00007fff70711000 	/usr/lib/system/libsystem_c.dylib
0x00007fff70799000 	/usr/lib/system/libsystem_configuration.dylib
0x00007fff7079d000 	/usr/lib/system/libsystem_coreservices.dylib
0x00007fff707a1000 	/usr/lib/system/libsystem_darwin.dylib
0x00007fff707aa000 	/usr/lib/system/libsystem_dnssd.dylib
0x00007fff707b2000 	/usr/lib/system/libsystem_featureflags.dylib
0x00007fff707b4000 	/usr/lib/system/libsystem_info.dylib
0x00007fff7082f000 	/usr/lib/system/libsystem_m.dylib
0x00007fff70877000 	/usr/lib/system/libsystem_malloc.dylib
0x00007fff7089f000 	/usr/lib/system/libsystem_networkextension.dylib
0x00007fff708ad000 	/usr/lib/system/libsystem_notify.dylib
0x00007fff708cb000 	/usr/lib/system/libsystem_sandbox.dylib
0x00007fff708d0000 	/usr/lib/system/libsystem_secinit.dylib
0x00007fff70802000 	/usr/lib/system/libsystem_kernel.dylib
0x00007fff708b7000 	/usr/lib/system/libsystem_platform.dylib
0x00007fff708c0000 	/usr/lib/system/libsystem_pthread.dylib
0x00007fff708d3000 	/usr/lib/system/libsystem_symptoms.dylib
0x00007fff708db000 	/usr/lib/system/libsystem_trace.dylib
0x00007fff708f3000 	/usr/lib/system/libunwind.dylib
0x00007fff708f9000 	/usr/lib/system/libxpc.dylib
0x00007fff6f506000 	/usr/lib/libobjc.A.dylib
0x00007fff6d9df000 	/usr/lib/libc++abi.dylib
0x00007fff6d98c000 	/usr/lib/libc++.1.dylib
0x000000010e1f7000 	/opt/anaconda3/envs/tensorflow/lib/python3.7/lib-dynload/_heapq.cpython-37m-darwin.so
0x000000010e1fc000 	/opt/anaconda3/envs/tensorflow/lib/python3.7/lib-dynload/_hashlib.cpython-37m-darwin.so
0x000000010e204000 	/opt/anaconda3/envs/tensorflow/lib/libcrypto.1.1.dylib
0x000000010e477000 	/opt/anaconda3/envs/tensorflow/lib/python3.7/lib-dynload/_blake2.cpython-37m-darwin.so
0x000000010e483000 	/opt/anaconda3/envs/tensorflow/lib/python3.7/lib-dynload/_sha3.cpython-37m-darwin.so
0x000000010e49a000 	/opt/anaconda3/envs/tensorflow/lib/python3.7/lib-dynload/_json.cpython-37m-darwin.so
0x000000010e4a7000 	/opt/anaconda3/envs/tensorflow/lib/python3.7/lib-dynload/_posixsubprocess.cpython-37m-darwin.so
0x000000010e4ac000 	/opt/anaconda3/envs/tensorflow/lib/python3.7/lib-dynload/select.cpython-37m-darwin.so
0x000000010e4b5000 	/opt/anaconda3/envs/tensorflow/lib/python3.7/lib-dynload/math.cpython-37m-darwin.so
0x000000010e4c2000 	/opt/anaconda3/envs/tensorflow/lib/python3.7/lib-dynload/zlib.cpython-37m-darwin.so
0x000000010e4cc000 	/opt/anaconda3/envs/tensorflow/lib/libz.1.2.11.dylib
0x000000010e4e5000 	/opt/anaconda3/envs/tensorflow/lib/python3.7/lib-dynload/_bz2.cpython-37m-darwin.so
0x000000010e4fd000 	/opt/anaconda3/envs/tensorflow/lib/python3.7/lib-dynload/_lzma.cpython-37m-darwin.so
0x000000010e507000 	/opt/anaconda3/envs/tensorflow/lib/liblzma.5.dylib
0x000000010e52d000 	/opt/anaconda3/envs/tensorflow/lib/python3.7/lib-dynload/grp.cpython-37m-darwin.so
0x000000010e531000 	/opt/anaconda3/envs/tensorflow/lib/python3.7/lib-dynload/_struct.cpython-37m-darwin.so
0x000000010e53f000 	/opt/anaconda3/envs/tensorflow/lib/python3.7/lib-dynload/binascii.cpython-37m-darwin.so
0x000000010e547000 	/opt/anaconda3/envs/tensorflow/lib/python3.7/lib-dynload/_bisect.cpython-37m-darwin.so
0x000000010e54b000 	/opt/anaconda3/envs/tensorflow/lib/python3.7/lib-dynload/_random.cpython-37m-darwin.so
0x000000010e54f000 	/opt/anaconda3/envs/tensorflow/lib/python3.7/lib-dynload/_socket.cpython-37m-darwin.so
0x000000010e565000 	/opt/anaconda3/envs/tensorflow/lib/python3.7/lib-dynload/_datetime.cpython-37m-darwin.so
0x000000010e580000 	/opt/anaconda3/envs/tensorflow/lib/python3.7/lib-dynload/_ssl.cpython-37m-darwin.so
0x000000010e5a0000 	/opt/anaconda3/envs/tensorflow/lib/libssl.1.1.dylib
0x000000010e624000 	/opt/anaconda3/envs/tensorflow/lib/python3.7/lib-dynload/_scproxy.cpython-37m-darwin.so
0x00007fff44170000 	/System/Library/Frameworks/SystemConfiguration.framework/Versions/A/SystemConfiguration
0x00007fff3676c000 	/System/Library/Frameworks/CoreFoundation.framework/Versions/A/CoreFoundation
0x00007fff6d96e000 	/usr/lib/libbsm.0.dylib
0x00007fff6efe9000 	/usr/lib/libnetwork.dylib
0x00007fff6e45e000 	/usr/lib/libfakelink.dylib
0x00007fff6d1d0000 	/usr/lib/libDiagnosticMessagesClient.dylib
0x00007fff6e570000 	/usr/lib/libicucore.A.dylib
0x00007fff6fbe2000 	/usr/lib/libz.1.dylib
0x00007fff6f553000 	/usr/lib/libpcap.A.dylib
0x00007fff39562000 	/System/Library/Frameworks/IOKit.framework/Versions/A/IOKit
0x00007fff6dcf9000 	/usr/lib/libcoretls.dylib
0x00007fff6dd10000 	/usr/lib/libcoretls_cfhelpers.dylib
0x00007fff430bf000 	/System/Library/Frameworks/Security.framework/Versions/A/Security
0x00007fff6d74d000 	/usr/lib/libapple_nghttp2.dylib
0x00007fff6e437000 	/usr/lib/libenergytrace.dylib
0x00007fff706df000 	/usr/lib/system/libkxld.dylib
0x00007fff38e29000 	/System/Library/Frameworks/Foundation.framework/Versions/C/Foundation
0x00007fff49f2a000 	/System/Library/PrivateFrameworks/AppleFSCompression.framework/Versions/A/AppleFSCompression
0x00007fff6f54c000 	/usr/lib/libpam.2.dylib
0x00007fff6f681000 	/usr/lib/libsqlite3.dylib
0x00007fff6fac0000 	/usr/lib/libxar.1.dylib
0x00007fff6d8a8000 	/usr/lib/libauto.dylib
0x00007fff6da08000 	/usr/lib/libcompression.dylib
0x00007fff38ae8000 	/System/Library/Frameworks/DiskArbitration.framework/Versions/A/DiskArbitration
0x00007fff6d798000 	/usr/lib/libarchive.2.dylib
0x00007fff6fad3000 	/usr/lib/libxml2.2.dylib
0x00007fff37b54000 	/System/Library/Frameworks/CoreServices.framework/Versions/A/CoreServices
0x00007fff6e7e1000 	/usr/lib/liblangid.dylib
0x00007fff6d103000 	/usr/lib/libCRFSuite.dylib
0x00007fff34fdb000 	/System/Library/Frameworks/CFNetwork.framework/Versions/A/CFNetwork
0x00007fff6e7e3000 	/usr/lib/liblzma.5.dylib
0x00007fff6d97f000 	/usr/lib/libbz2.1.0.dylib
0x00007fff6e47f000 	/usr/lib/libiconv.2.dylib
0x00007fff6d9f5000 	/usr/lib/libcharset.1.dylib
0x00007fff37f0b000 	/System/Library/Frameworks/CoreServices.framework/Versions/A/Frameworks/FSEvents.framework/Versions/A/FSEvents
0x00007fff37bdb000 	/System/Library/Frameworks/CoreServices.framework/Versions/A/Frameworks/CarbonCore.framework/Versions/A/CarbonCore
0x00007fff3814f000 	/System/Library/Frameworks/CoreServices.framework/Versions/A/Frameworks/Metadata.framework/Versions/A/Metadata
0x00007fff381e8000 	/System/Library/Frameworks/CoreServices.framework/Versions/A/Frameworks/OSServices.framework/Versions/A/OSServices
0x00007fff38216000 	/System/Library/Frameworks/CoreServices.framework/Versions/A/Frameworks/SearchKit.framework/Versions/A/SearchKit
0x00007fff37b55000 	/System/Library/Frameworks/CoreServices.framework/Versions/A/Frameworks/AE.framework/Versions/A/AE
0x00007fff37f14000 	/System/Library/Frameworks/CoreServices.framework/Versions/A/Frameworks/LaunchServices.framework/Versions/A/LaunchServices
0x00007fff37ebd000 	/System/Library/Frameworks/CoreServices.framework/Versions/A/Frameworks/DictionaryServices.framework/Versions/A/DictionaryServices
0x00007fff3827e000 	/System/Library/Frameworks/CoreServices.framework/Versions/A/Frameworks/SharedFileList.framework/Versions/A/SharedFileList
0x00007fff3d10d000 	/System/Library/Frameworks/NetFS.framework/Versions/A/NetFS
0x00007fff5dc5b000 	/System/Library/PrivateFrameworks/NetAuth.framework/Versions/A/NetAuth
0x00007fff6a5e3000 	/System/Library/PrivateFrameworks/login.framework/Versions/A/Frameworks/loginsupport.framework/Versions/A/loginsupport
0x00007fff66ef1000 	/System/Library/PrivateFrameworks/TCC.framework/Versions/A/TCC
0x00007fff4eb5b000 	/System/Library/PrivateFrameworks/CoreNLP.framework/Versions/A/CoreNLP
0x00007fff5d158000 	/System/Library/PrivateFrameworks/MetadataUtilities.framework/Versions/A/MetadataUtilities
0x00007fff6e8bb000 	/usr/lib/libmecabra.dylib
0x00007fff323f3000 	/System/Library/Frameworks/Accelerate.framework/Versions/A/Accelerate
0x00007fff6e813000 	/usr/lib/libmecab.dylib
0x00007fff6e46f000 	/usr/lib/libgermantok.dylib
0x00007fff6d734000 	/usr/lib/libThaiTokenizer.dylib
0x00007fff6d13a000 	/usr/lib/libChineseTokenizer.dylib
0x00007fff3240b000 	/System/Library/Frameworks/Accelerate.framework/Versions/A/Frameworks/vImage.framework/Versions/A/vImage
0x00007fff33875000 	/System/Library/Frameworks/Accelerate.framework/Versions/A/Frameworks/vecLib.framework/Versions/A/vecLib
0x00007fff337b2000 	/System/Library/Frameworks/Accelerate.framework/Versions/A/Frameworks/vecLib.framework/Versions/A/libvMisc.dylib
0x00007fff335da000 	/System/Library/Frameworks/Accelerate.framework/Versions/A/Frameworks/vecLib.framework/Versions/A/libvDSP.dylib
0x00007fff32a62000 	/System/Library/Frameworks/Accelerate.framework/Versions/A/Frameworks/vecLib.framework/Versions/A/libBLAS.dylib
0x00007fff3319e000 	/System/Library/Frameworks/Accelerate.framework/Versions/A/Frameworks/vecLib.framework/Versions/A/libLAPACK.dylib
0x00007fff3353a000 	/System/Library/Frameworks/Accelerate.framework/Versions/A/Frameworks/vecLib.framework/Versions/A/libLinearAlgebra.dylib
0x00007fff335c7000 	/System/Library/Frameworks/Accelerate.framework/Versions/A/Frameworks/vecLib.framework/Versions/A/libSparseBLAS.dylib
0x00007fff33550000 	/System/Library/Frameworks/Accelerate.framework/Versions/A/Frameworks/vecLib.framework/Versions/A/libQuadrature.dylib
0x00007fff32cca000 	/System/Library/Frameworks/Accelerate.framework/Versions/A/Frameworks/vecLib.framework/Versions/A/libBNNS.dylib
0x00007fff33556000 	/System/Library/Frameworks/Accelerate.framework/Versions/A/Frameworks/vecLib.framework/Versions/A/libSparse.dylib
0x00007fff5bccc000 	/System/Library/PrivateFrameworks/LanguageModeling.framework/Versions/A/LanguageModeling
0x00007fff4e50b000 	/System/Library/PrivateFrameworks/CoreEmoji.framework/Versions/A/CoreEmoji
0x00007fff5bdea000 	/System/Library/PrivateFrameworks/LinguisticData.framework/Versions/A/LinguisticData
0x00007fff5bd9b000 	/System/Library/PrivateFrameworks/Lexicon.framework/Versions/A/Lexicon
0x00007fff6d9f6000 	/usr/lib/libcmph.dylib
0x00007fff3fcfc000 	/System/Library/Frameworks/OpenDirectory.framework/Versions/A/Frameworks/CFOpenDirectory.framework/Versions/A/CFOpenDirectory
0x00007fff3fd19000 	/System/Library/Frameworks/OpenDirectory.framework/Versions/A/OpenDirectory
0x00007fff4815a000 	/System/Library/PrivateFrameworks/APFS.framework/Versions/A/APFS
0x00007fff43409000 	/System/Library/Frameworks/SecurityFoundation.framework/Versions/A/SecurityFoundation
0x00007fff6fabc000 	/usr/lib/libutil.dylib
0x00007fff4fa40000 	/System/Library/PrivateFrameworks/CoreServicesStore.framework/Versions/A/CoreServicesStore
0x00007fff434c0000 	/System/Library/Frameworks/ServiceManagement.framework/Versions/A/ServiceManagement
0x00007fff4b6fa000 	/System/Library/PrivateFrameworks/BackgroundTaskManagement.framework/Versions/A/BackgroundTaskManagement
0x00007fff6fbb9000 	/usr/lib/libxslt.1.dylib
0x000000010e668000 	/opt/anaconda3/envs/tensorflow/lib/python3.7/lib-dynload/_pickle.cpython-37m-darwin.so
0x000000010e68a000 	/opt/anaconda3/envs/tensorflow/lib/python3.7/site-packages/_jpype.cpython-37m-darwin.so
0x000000010e753000 	/opt/anaconda3/envs/tensorflow/lib/python3.7/lib-dynload/_decimal.cpython-37m-darwin.so
0x000000010e7ac000 	/opt/anaconda3/envs/tensorflow/lib/python3.7/lib-dynload/_queue.cpython-37m-darwin.so
0x000000010e7b1000 	/opt/anaconda3/envs/tensorflow/lib/python3.7/lib-dynload/unicodedata.cpython-37m-darwin.so
0x000000010e8b5000 	/opt/anaconda3/envs/tensorflow/lib/python3.7/lib-dynload/fcntl.cpython-37m-darwin.so
0x000000010e8ba000 	/opt/anaconda3/envs/tensorflow/lib/python3.7/lib-dynload/_ctypes.cpython-37m-darwin.so
0x000000010e8dd000 	/opt/anaconda3/envs/tensorflow/lib/libffi.7.dylib
0x000000010e8e8000 	/opt/anaconda3/envs/tensorflow/lib/python3.7/site-packages/lxml/etree.cpython-37m-darwin.so
0x000000010ee8b000 	/opt/anaconda3/envs/tensorflow/lib/python3.7/site-packages/lxml/_elementpath.cpython-37m-darwin.so
0x000000010eec3000 	/opt/anaconda3/envs/tensorflow/lib/python3.7/lib-dynload/_opcode.cpython-37m-darwin.so
0x000000010eec6000 	/opt/anaconda3/envs/tensorflow/lib/python3.7/site-packages/numpy/core/_multiarray_umath.cpython-37m-darwin.so
0x0000000112e22000 	/opt/anaconda3/envs/tensorflow/lib/python3.7/site-packages/numpy/.dylibs/libopenblasp-r0.3.7.dylib
0x000000010f33c000 	/opt/anaconda3/envs/tensorflow/lib/python3.7/site-packages/numpy/.dylibs/libgfortran.3.dylib
0x000000010f4b7000 	/opt/anaconda3/envs/tensorflow/lib/python3.7/site-packages/numpy/.dylibs/libquadmath.0.dylib
0x000000010f4fc000 	/opt/anaconda3/envs/tensorflow/lib/python3.7/site-packages/numpy/.dylibs/libgcc_s.1.dylib
0x000000011151c000 	/opt/anaconda3/envs/tensorflow/lib/python3.7/site-packages/numpy/core/_multiarray_tests.cpython-37m-darwin.so
0x000000011153a000 	/opt/anaconda3/envs/tensorflow/lib/python3.7/site-packages/numpy/linalg/lapack_lite.cpython-37m-darwin.so
0x000000011153f000 	/opt/anaconda3/envs/tensorflow/lib/python3.7/site-packages/numpy/linalg/_umath_linalg.cpython-37m-darwin.so
0x0000000111567000 	/opt/anaconda3/envs/tensorflow/lib/python3.7/site-packages/numpy/fft/_pocketfft_internal.cpython-37m-darwin.so
0x000000011157c000 	/opt/anaconda3/envs/tensorflow/lib/python3.7/site-packages/numpy/random/mtrand.cpython-37m-darwin.so
0x000000011163b000 	/opt/anaconda3/envs/tensorflow/lib/python3.7/site-packages/numpy/random/_bit_generator.cpython-37m-darwin.so
0x0000000111673000 	/opt/anaconda3/envs/tensorflow/lib/python3.7/site-packages/numpy/random/_common.cpython-37m-darwin.so
0x00000001116b7000 	/opt/anaconda3/envs/tensorflow/lib/python3.7/site-packages/numpy/random/_bounded_integers.cpython-37m-darwin.so
0x000000011172d000 	/opt/anaconda3/envs/tensorflow/lib/python3.7/site-packages/numpy/random/_mt19937.cpython-37m-darwin.so
0x000000011174b000 	/opt/anaconda3/envs/tensorflow/lib/python3.7/site-packages/numpy/random/_philox.cpython-37m-darwin.so
0x0000000111762000 	/opt/anaconda3/envs/tensorflow/lib/python3.7/site-packages/numpy/random/_pcg64.cpython-37m-darwin.so
0x0000000111777000 	/opt/anaconda3/envs/tensorflow/lib/python3.7/site-packages/numpy/random/_sfc64.cpython-37m-darwin.so
0x0000000111788000 	/opt/anaconda3/envs/tensorflow/lib/python3.7/site-packages/numpy/random/_generator.cpython-37m-darwin.so
0x0000000111863000 	/opt/anaconda3/envs/tensorflow/lib/python3.7/site-packages/pandas/_libs/interval.cpython-37m-darwin.so
0x00000001119c6000 	/opt/anaconda3/envs/tensorflow/lib/python3.7/site-packages/pandas/_libs/hashtable.cpython-37m-darwin.so
0x0000000111a7d000 	/opt/anaconda3/envs/tensorflow/lib/python3.7/site-packages/pandas/_libs/missing.cpython-37m-darwin.so
0x0000000111abf000 	/opt/anaconda3/envs/tensorflow/lib/python3.7/site-packages/pandas/_libs/tslibs/dtypes.cpython-37m-darwin.so
0x0000000111ae8000 	/opt/anaconda3/envs/tensorflow/lib/python3.7/site-packages/pandas/_libs/tslibs/conversion.cpython-37m-darwin.so
0x0000000111b3a000 	/opt/anaconda3/envs/tensorflow/lib/python3.7/site-packages/pandas/_libs/tslibs/base.cpython-37m-darwin.so
0x0000000111b46000 	/opt/anaconda3/envs/tensorflow/lib/python3.7/site-packages/pandas/_libs/tslibs/nattype.cpython-37m-darwin.so
0x0000000111b8a000 	/opt/anaconda3/envs/tensorflow/lib/python3.7/site-packages/pandas/_libs/tslibs/np_datetime.cpython-37m-darwin.so
0x0000000111b9a000 	/opt/anaconda3/envs/tensorflow/lib/python3.7/site-packages/pandas/_libs/tslibs/timezones.cpython-37m-darwin.so
0x0000000111bde000 	/opt/anaconda3/envs/tensorflow/lib/python3.7/site-packages/pandas/_libs/tslibs/tzconversion.cpython-37m-darwin.so
0x0000000111c37000 	/opt/anaconda3/envs/tensorflow/lib/python3.7/site-packages/pandas/_libs/tslibs/ccalendar.cpython-37m-darwin.so
0x0000000111c4b000 	/opt/anaconda3/envs/tensorflow/lib/python3.7/site-packages/pandas/_libs/tslibs/parsing.cpython-37m-darwin.so
0x0000000111cc6000 	/opt/anaconda3/envs/tensorflow/lib/python3.7/site-packages/pandas/_libs/tslibs/offsets.cpython-37m-darwin.so
0x0000000111df8000 	/opt/anaconda3/envs/tensorflow/lib/python3.7/site-packages/pandas/_libs/tslibs/timedeltas.cpython-37m-darwin.so
0x0000000111e7d000 	/opt/anaconda3/envs/tensorflow/lib/python3.7/site-packages/pandas/_libs/tslibs/timestamps.cpython-37m-darwin.so
0x0000000111f06000 	/opt/anaconda3/envs/tensorflow/lib/python3.7/site-packages/pandas/_libs/tslibs/fields.cpython-37m-darwin.so
0x0000000111f51000 	/opt/anaconda3/envs/tensorflow/lib/python3.7/site-packages/pandas/_libs/tslibs/strptime.cpython-37m-darwin.so
0x0000000111fc4000 	/opt/anaconda3/envs/tensorflow/lib/python3.7/site-packages/pandas/_libs/properties.cpython-37m-darwin.so
0x0000000111fd6000 	/opt/anaconda3/envs/tensorflow/lib/python3.7/site-packages/pandas/_libs/tslibs/period.cpython-37m-darwin.so
0x0000000112050000 	/opt/anaconda3/envs/tensorflow/lib/python3.7/site-packages/pandas/_libs/tslibs/vectorized.cpython-37m-darwin.so
0x000000011208e000 	/opt/anaconda3/envs/tensorflow/lib/python3.7/site-packages/pandas/_libs/ops_dispatch.cpython-37m-darwin.so
0x000000011209e000 	/opt/anaconda3/envs/tensorflow/lib/python3.7/site-packages/pandas/_libs/algos.cpython-37m-darwin.so
0x0000000112272000 	/opt/anaconda3/envs/tensorflow/lib/python3.7/site-packages/pandas/_libs/lib.cpython-37m-darwin.so
0x000000011231e000 	/opt/anaconda3/envs/tensorflow/lib/python3.7/site-packages/pandas/_libs/tslib.cpython-37m-darwin.so
0x0000000112351000 	/opt/anaconda3/envs/tensorflow/lib/python3.7/site-packages/pandas/_libs/hashing.cpython-37m-darwin.so
0x0000000112382000 	/opt/anaconda3/envs/tensorflow/lib/python3.7/site-packages/pandas/_libs/ops.cpython-37m-darwin.so
0x00000001123c0000 	/opt/anaconda3/envs/tensorflow/lib/python3.7/lib-dynload/_csv.cpython-37m-darwin.so
0x00000001123c9000 	/opt/anaconda3/envs/tensorflow/lib/python3.7/site-packages/pandas/_libs/index.cpython-37m-darwin.so
0x0000000112475000 	/opt/anaconda3/envs/tensorflow/lib/python3.7/site-packages/pandas/_libs/join.cpython-37m-darwin.so
0x0000000112771000 	/opt/anaconda3/envs/tensorflow/lib/python3.7/site-packages/pandas/_libs/sparse.cpython-37m-darwin.so
0x0000000112876000 	/opt/anaconda3/envs/tensorflow/lib/python3.7/site-packages/pandas/_libs/reshape.cpython-37m-darwin.so
0x00000001128bd000 	/opt/anaconda3/envs/tensorflow/lib/python3.7/site-packages/pandas/_libs/indexing.cpython-37m-darwin.so
0x00000001128c9000 	/opt/anaconda3/envs/tensorflow/lib/python3.7/site-packages/pandas/_libs/writers.cpython-37m-darwin.so
0x0000000112903000 	/opt/anaconda3/envs/tensorflow/lib/python3.7/site-packages/pandas/_libs/internals.cpython-37m-darwin.so
0x000000011294b000 	/opt/anaconda3/envs/tensorflow/lib/python3.7/lib-dynload/mmap.cpython-37m-darwin.so
0x0000000112952000 	/opt/anaconda3/envs/tensorflow/lib/python3.7/site-packages/pandas/_libs/window/aggregations.cpython-37m-darwin.so
0x00000001129ce000 	/opt/anaconda3/envs/tensorflow/lib/python3.7/site-packages/pandas/_libs/window/indexers.cpython-37m-darwin.so
0x00000001129fc000 	/opt/anaconda3/envs/tensorflow/lib/python3.7/site-packages/pandas/_libs/groupby.cpython-37m-darwin.so
0x0000000112b5a000 	/opt/anaconda3/envs/tensorflow/lib/python3.7/site-packages/pandas/_libs/reduction.cpython-37m-darwin.so
0x0000000112bb1000 	/opt/anaconda3/envs/tensorflow/lib/python3.7/site-packages/pandas/_libs/parsers.cpython-37m-darwin.so
0x0000000112c4f000 	/opt/anaconda3/envs/tensorflow/lib/python3.7/site-packages/pandas/_libs/json.cpython-37m-darwin.so
0x0000000112c67000 	/opt/anaconda3/envs/tensorflow/lib/python3.7/site-packages/pandas/_libs/testing.cpython-37m-darwin.so
0x0000000112c82000 	/opt/anaconda3/envs/tensorflow/lib/python3.7/lib-dynload/_uuid.cpython-37m-darwin.so
0x0000000112c85000 	/opt/anaconda3/envs/tensorflow/lib/python3.7/site-packages/matplotlib/ft2font.cpython-37m-darwin.so
0x000000011aacd000 	/opt/anaconda3/envs/tensorflow/lib/libfreetype.6.dylib
0x000000011ab87000 	/opt/anaconda3/envs/tensorflow/lib/libc++.1.0.dylib
0x0000000112c9e000 	/opt/anaconda3/envs/tensorflow/lib/libpng16.16.dylib
0x0000000112cd5000 	/opt/anaconda3/envs/tensorflow/lib/python3.7/site-packages/kiwisolver.cpython-37m-darwin.so
0x000000011ac55000 	/opt/anaconda3/envs/tensorflow/lib/python3.7/site-packages/matplotlib/_path.cpython-37m-darwin.so
0x0000000112cfe000 	/opt/anaconda3/envs/tensorflow/lib/python3.7/lib-dynload/_elementtree.cpython-37m-darwin.so
0x000000011ac7a000 	/opt/anaconda3/envs/tensorflow/lib/python3.7/lib-dynload/pyexpat.cpython-37m-darwin.so
0x000000011acb7000 	/opt/anaconda3/envs/tensorflow/lib/python3.7/site-packages/PIL/_imaging.cpython-37m-darwin.so
0x000000011ad22000 	/opt/anaconda3/envs/tensorflow/lib/libjpeg.9.dylib
0x000000011ad5e000 	/opt/anaconda3/envs/tensorflow/lib/libtiff.5.dylib
0x000000011add9000 	/opt/anaconda3/envs/tensorflow/lib/libzstd.1.4.5.dylib
0x000000011ae97000 	/opt/anaconda3/envs/tensorflow/lib/python3.7/lib-dynload/array.cpython-37m-darwin.so
0x000000011aea7000 	/opt/anaconda3/envs/tensorflow/lib/python3.7/site-packages/matplotlib/_image.cpython-37m-darwin.so
0x000000011aed3000 	/opt/anaconda3/envs/tensorflow/lib/python3.7/site-packages/matplotlib/backends/_macosx.cpython-37m-darwin.so
0x00007fff33a1f000 	/System/Library/Frameworks/AppKit.framework/Versions/C/AppKit
0x00007fff36bed000 	/System/Library/Frameworks/CoreGraphics.framework/Versions/A/CoreGraphics
0x00007fff676bc000 	/System/Library/PrivateFrameworks/UIFoundation.framework/Versions/A/UIFoundation
0x00007fff62750000 	/System/Library/PrivateFrameworks/RemoteViewServices.framework/Versions/A/RemoteViewServices
0x00007fff6a216000 	/System/Library/PrivateFrameworks/XCTTargetBootstrap.framework/Versions/A/XCTTargetBootstrap
0x00007fff36639000 	/System/Library/Frameworks/CoreDisplay.framework/Versions/A/CoreDisplay
0x00007fff3bce3000 	/System/Library/Frameworks/Metal.framework/Versions/A/Metal
0x00007fff50753000 	/System/Library/PrivateFrameworks/DesktopServicesPriv.framework/Versions/A/DesktopServicesPriv
0x00007fff4f9e8000 	/System/Library/PrivateFrameworks/CoreSVG.framework/Versions/A/CoreSVG
0x00007fff658ac000 	/System/Library/PrivateFrameworks/SkyLight.framework/Versions/A/SkyLight
0x00007fff5b6db000 	/System/Library/PrivateFrameworks/IconServices.framework/Versions/A/IconServices
0x00007fff39608000 	/System/Library/Frameworks/IOSurface.framework/Versions/A/IOSurface
0x00007fff3482f000 	/System/Library/Frameworks/ApplicationServices.framework/Versions/A/ApplicationServices
0x00007fff505ad000 	/System/Library/PrivateFrameworks/DFRFoundation.framework/Versions/A/DFRFoundation
0x00007fff34b61000 	/System/Library/Frameworks/AudioToolbox.framework/Versions/A/AudioToolbox
0x00007fff34c44000 	/System/Library/Frameworks/AudioUnit.framework/Versions/A/AudioUnit
0x00007fff3624e000 	/System/Library/Frameworks/CoreData.framework/Versions/A/CoreData
0x00007fff5064f000 	/System/Library/PrivateFrameworks/DataDetectorsCore.framework/Versions/A/DataDetectorsCore
0x00007fff353eb000 	/System/Library/Frameworks/Carbon.framework/Versions/A/Frameworks/HIToolbox.framework/Versions/A/HIToolbox
0x00007fff422bb000 	/System/Library/Frameworks/QuartzCore.framework/Versions/A/QuartzCore
0x00007fff3572a000 	/System/Library/Frameworks/Carbon.framework/Versions/A/Frameworks/SpeechRecognition.framework/Versions/A/SpeechRecognition
0x00007fff500c1000 	/System/Library/PrivateFrameworks/CoreUI.framework/Versions/A/CoreUI
0x00007fff35cb9000 	/System/Library/Frameworks/CoreAudio.framework/Versions/A/CoreAudio
0x00007fff5d72b000 	/System/Library/PrivateFrameworks/MultitouchSupport.framework/Versions/A/MultitouchSupport
0x00007fff5f8e3000 	/System/Library/PrivateFrameworks/PerformanceAnalysis.framework/Versions/A/PerformanceAnalysis
0x00007fff412ee000 	/System/Library/Frameworks/OpenGL.framework/Versions/A/OpenGL
0x00007fff358d8000 	/System/Library/Frameworks/ColorSync.framework/Versions/A/ColorSync
0x00007fff37270000 	/System/Library/Frameworks/CoreImage.framework/Versions/A/CoreImage
0x00007fff385c7000 	/System/Library/Frameworks/CoreText.framework/Versions/A/CoreText
0x00007fff39698000 	/System/Library/Frameworks/ImageIO.framework/Versions/A/ImageIO
0x00007fff6d514000 	/usr/lib/libMobileGestalt.dylib
0x00007fff67426000 	/System/Library/PrivateFrameworks/TextureIO.framework/Versions/A/TextureIO
0x00007fff6d80b000 	/usr/lib/libate.dylib
0x00007fff5b8e4000 	/System/Library/PrivateFrameworks/InternationalSupport.framework/Versions/A/InternationalSupport
0x00007fff4a59d000 	/System/Library/PrivateFrameworks/AppleSystemInfo.framework/Versions/A/AppleSystemInfo
0x00007fff398b3000 	/System/Library/Frameworks/ImageIO.framework/Versions/A/Resources/libJPEG.dylib
0x00007fff39b71000 	/System/Library/Frameworks/ImageIO.framework/Versions/A/Resources/libTIFF.dylib
0x00007fff39b54000 	/System/Library/Frameworks/ImageIO.framework/Versions/A/Resources/libPng.dylib
0x00007fff397f5000 	/System/Library/Frameworks/ImageIO.framework/Versions/A/Resources/libGIF.dylib
0x00007fff397f9000 	/System/Library/Frameworks/ImageIO.framework/Versions/A/Resources/libJP2.dylib
0x00007fff39b6f000 	/System/Library/Frameworks/ImageIO.framework/Versions/A/Resources/libRadiance.dylib
0x00007fff6e438000 	/usr/lib/libexpat.1.dylib
0x00007fff4a085000 	/System/Library/PrivateFrameworks/AppleJPEG.framework/Versions/A/AppleJPEG
0x00007fff52d40000 	/System/Library/PrivateFrameworks/FontServices.framework/libFontParser.dylib
0x00007fff695e5000 	/System/Library/PrivateFrameworks/WatchdogClient.framework/Versions/A/WatchdogClient
0x00007fff5b327000 	/System/Library/PrivateFrameworks/IOAccelerator.framework/Versions/A/IOAccelerator
0x00007fff3c07e000 	/System/Library/Frameworks/MetalPerformanceShaders.framework/Versions/A/MetalPerformanceShaders
0x00007fff57abd000 	/System/Library/PrivateFrameworks/GPUWrangler.framework/Versions/A/GPUWrangler
0x00007fff5b33c000 	/System/Library/PrivateFrameworks/IOPresentment.framework/Versions/A/IOPresentment
0x00007fff505c0000 	/System/Library/PrivateFrameworks/DSExternalDisplay.framework/Versions/A/DSExternalDisplay
0x00007fff4068d000 	/System/Library/Frameworks/OpenGL.framework/Versions/A/Libraries/libCoreFSCache.dylib
0x00007fff3bdca000 	/System/Library/Frameworks/MetalPerformanceShaders.framework/Frameworks/MPSCore.framework/Versions/A/MPSCore
0x00007fff3be08000 	/System/Library/Frameworks/MetalPerformanceShaders.framework/Frameworks/MPSImage.framework/Versions/A/MPSImage
0x00007fff3becf000 	/System/Library/Frameworks/MetalPerformanceShaders.framework/Frameworks/MPSNeuralNetwork.framework/Versions/A/MPSNeuralNetwork
0x00007fff3be93000 	/System/Library/Frameworks/MetalPerformanceShaders.framework/Frameworks/MPSMatrix.framework/Versions/A/MPSMatrix
0x00007fff3c02e000 	/System/Library/Frameworks/MetalPerformanceShaders.framework/Frameworks/MPSRayIntersector.framework/Versions/A/MPSRayIntersector
0x00007fff3beb9000 	/System/Library/Frameworks/MetalPerformanceShaders.framework/Frameworks/MPSNDArray.framework/Versions/A/MPSNDArray
0x00007fff5d1a5000 	/System/Library/PrivateFrameworks/MetalTools.framework/Versions/A/MetalTools
0x00007fff49334000 	/System/Library/PrivateFrameworks/AggregateDictionary.framework/Versions/A/AggregateDictionary
0x00007fff4df53000 	/System/Library/PrivateFrameworks/CoreAnalytics.framework/Versions/A/CoreAnalytics
0x00007fff4a4bc000 	/System/Library/PrivateFrameworks/AppleSauce.framework/Versions/A/AppleSauce
0x00007fff6d3f6000 	/usr/lib/libIOReport.dylib
0x00007fff3877f000 	/System/Library/Frameworks/CoreVideo.framework/Versions/A/CoreVideo
0x00007fff58f36000 	/System/Library/PrivateFrameworks/GraphVisualizer.framework/Versions/A/GraphVisualizer
0x00007fff52286000 	/System/Library/PrivateFrameworks/FaceCore.framework/Versions/A/FaceCore
0x00007fff3fca3000 	/System/Library/Frameworks/OpenCL.framework/Versions/A/OpenCL
0x00007fff6d218000 	/usr/lib/libFosl_dynamic.dylib
0x00007fff5e67b000 	/System/Library/PrivateFrameworks/OTSVG.framework/Versions/A/OTSVG
0x00007fff34934000 	/System/Library/Frameworks/ApplicationServices.framework/Versions/A/Frameworks/ATS.framework/Versions/A/Resources/libFontRegistry.dylib
0x00007fff52f11000 	/System/Library/PrivateFrameworks/FontServices.framework/libhvf.dylib
0x00007fff40698000 	/System/Library/Frameworks/OpenGL.framework/Versions/A/Libraries/libGFXShared.dylib
0x00007fff40876000 	/System/Library/Frameworks/OpenGL.framework/Versions/A/Libraries/libGLU.dylib
0x00007fff406a1000 	/System/Library/Frameworks/OpenGL.framework/Versions/A/Libraries/libGL.dylib
0x00007fff406ac000 	/System/Library/Frameworks/OpenGL.framework/Versions/A/Libraries/libGLImage.dylib
0x00007fff4068a000 	/System/Library/Frameworks/OpenGL.framework/Versions/A/Libraries/libCVMSPluginSupport.dylib
0x00007fff40693000 	/System/Library/Frameworks/OpenGL.framework/Versions/A/Libraries/libCoreVMClient.dylib
0x00007fff6ee8a000 	/usr/lib/libncurses.5.4.dylib
0x00007fff34830000 	/System/Library/Frameworks/ApplicationServices.framework/Versions/A/Frameworks/ATS.framework/Versions/A/ATS
0x00007fff349fd000 	/System/Library/Frameworks/ApplicationServices.framework/Versions/A/Frameworks/ColorSyncLegacy.framework/Versions/A/ColorSyncLegacy
0x00007fff34a9b000 	/System/Library/Frameworks/ApplicationServices.framework/Versions/A/Frameworks/HIServices.framework/Versions/A/HIServices
0x00007fff34af3000 	/System/Library/Frameworks/ApplicationServices.framework/Versions/A/Frameworks/LangAnalysis.framework/Versions/A/LangAnalysis
0x00007fff34b02000 	/System/Library/Frameworks/ApplicationServices.framework/Versions/A/Frameworks/PrintCore.framework/Versions/A/PrintCore
0x00007fff34b48000 	/System/Library/Frameworks/ApplicationServices.framework/Versions/A/Frameworks/QD.framework/Versions/A/QD
0x00007fff34b53000 	/System/Library/Frameworks/ApplicationServices.framework/Versions/A/Frameworks/SpeechSynthesis.framework/Versions/A/SpeechSynthesis
0x00007fff349cd000 	/System/Library/Frameworks/ApplicationServices.framework/Versions/A/Frameworks/ATSUI.framework/Versions/A/ATSUI
0x00007fff6e2ce000 	/usr/lib/libcups.2.dylib
0x00007fff3b119000 	/System/Library/Frameworks/Kerberos.framework/Versions/A/Kerberos
0x00007fff3925b000 	/System/Library/Frameworks/GSS.framework/Versions/A/GSS
0x00007fff6f60d000 	/usr/lib/libresolv.9.dylib
0x00007fff590e3000 	/System/Library/PrivateFrameworks/Heimdal.framework/Versions/A/Heimdal
0x00007fff3b12c000 	/System/Library/Frameworks/Kerberos.framework/Versions/A/Libraries/libHeimdalProxy.dylib
0x00007fff6e475000 	/usr/lib/libheimdal-asn1.dylib
0x00007fff4d3eb000 	/System/Library/PrivateFrameworks/CommonAuth.framework/Versions/A/CommonAuth
0x00007fff4a63a000 	/System/Library/PrivateFrameworks/AssertionServices.framework/Versions/A/AssertionServices
0x00007fff4b1dd000 	/System/Library/PrivateFrameworks/AudioToolboxCore.framework/Versions/A/AudioToolboxCore
0x00007fff6a293000 	/System/Library/PrivateFrameworks/caulk.framework/Versions/A/caulk
0x00007fff4b7a6000 	/System/Library/PrivateFrameworks/BaseBoard.framework/Versions/A/BaseBoard
0x00007fff628de000 	/System/Library/PrivateFrameworks/RunningBoardServices.framework/Versions/A/RunningBoardServices
0x00007fff5f8ef000 	/System/Library/PrivateFrameworks/PersistentConnection.framework/Versions/A/PersistentConnection
0x00007fff622d7000 	/System/Library/PrivateFrameworks/ProtocolBuffer.framework/Versions/A/ProtocolBuffer
0x00007fff4d40f000 	/System/Library/PrivateFrameworks/CommonUtilities.framework/Versions/A/CommonUtilities
0x00007fff4b934000 	/System/Library/PrivateFrameworks/Bom.framework/Versions/A/Bom
0x00007fff6d0c9000 	/usr/lib/libAudioToolboxUtility.dylib
0x00007fff4b704000 	/System/Library/PrivateFrameworks/Backup.framework/Versions/A/Backup
0x00007fff504e1000 	/System/Library/PrivateFrameworks/CrashReporterSupport.framework/Versions/A/CrashReporterSupport
0x00007fff64370000 	/System/Library/PrivateFrameworks/Sharing.framework/Versions/A/Sharing
0x00007fff49c48000 	/System/Library/PrivateFrameworks/Apple80211.framework/Versions/A/Apple80211
0x00007fff4b421000 	/System/Library/PrivateFrameworks/AuthKit.framework/Versions/A/AuthKit
0x00007fff501ee000 	/System/Library/PrivateFrameworks/CoreUtils.framework/Versions/A/CoreUtils
0x00007fff387c4000 	/System/Library/Frameworks/CoreWLAN.framework/Versions/A/CoreWLAN
0x00007fff393e8000 	/System/Library/Frameworks/IOBluetooth.framework/Versions/A/IOBluetooth
0x00007fff5d4aa000 	/System/Library/PrivateFrameworks/MobileKeyBag.framework/Versions/A/MobileKeyBag
0x00007fff4eff3000 	/System/Library/PrivateFrameworks/CorePhoneNumbers.framework/Versions/A/CorePhoneNumbers
0x00007fff4a038000 	/System/Library/PrivateFrameworks/AppleIDAuthSupport.framework/Versions/A/AppleIDAuthSupport
0x00007fff3d11a000 	/System/Library/Frameworks/Network.framework/Versions/A/Network
0x00007fff5bb78000 	/System/Library/PrivateFrameworks/KeychainCircle.framework/Versions/A/KeychainCircle
0x00007fff36215000 	/System/Library/Frameworks/CoreBluetooth.framework/Versions/A/CoreBluetooth
0x00007fff663ef000 	/System/Library/PrivateFrameworks/SpeechRecognitionCore.framework/Versions/A/SpeechRecognitionCore
0x000000011aee7000 	/opt/anaconda3/envs/tensorflow/lib/python3.7/site-packages/matplotlib/backends/_backend_agg.cpython-37m-darwin.so
0x0000000112d11000 	/opt/anaconda3/envs/tensorflow/lib/python3.7/lib-dynload/termios.cpython-37m-darwin.so
0x0000000112d17000 	/opt/anaconda3/envs/tensorflow/lib/python3.7/site-packages/google/protobuf/internal/_api_implementation.cpython-37m-darwin.so
0x000000011af21000 	/opt/anaconda3/envs/tensorflow/lib/python3.7/site-packages/google/protobuf/pyext/_message.cpython-37m-darwin.so
0x000000011b204000 	/opt/anaconda3/envs/tensorflow/lib/python3.7/site-packages/tensorflow/python/_pywrap_tensorflow_internal.so
0x0000000134026000 	/opt/anaconda3/envs/tensorflow/lib/python3.7/site-packages/tensorflow/libtensorflow_framework.2.dylib
0x0000000135c1a000 	/opt/anaconda3/envs/tensorflow/lib/python3.7/site-packages/tensorflow/python/_pywrap_tfe.so
0x0000000135e12000 	/opt/anaconda3/envs/tensorflow/lib/python3.7/site-packages/tensorflow/python/_pywrap_tf_session.so
0x0000000135fe5000 	/opt/anaconda3/envs/tensorflow/lib/python3.7/site-packages/tensorflow/python/_tf_stack.so
0x0000000136022000 	/opt/anaconda3/envs/tensorflow/lib/python3.7/site-packages/wrapt/_wrappers.cpython-37m-darwin.so
0x0000000136030000 	/opt/anaconda3/envs/tensorflow/lib/python3.7/site-packages/tensorflow/python/_pywrap_utils.so
0x0000000136050000 	/opt/anaconda3/envs/tensorflow/lib/python3.7/site-packages/tensorflow/python/_pywrap_py_exception_registry.so
0x00000001360b1000 	/opt/anaconda3/envs/tensorflow/lib/python3.7/site-packages/tensorflow/python/_pywrap_bfloat16.so
0x00000001360c9000 	/opt/anaconda3/envs/tensorflow/lib/python3.7/site-packages/tensorflow/python/_dtypes.so
0x000000013610f000 	/opt/anaconda3/envs/tensorflow/lib/python3.7/site-packages/tensorflow/python/framework/fast_tensor_util.so
0x0000000136127000 	/opt/anaconda3/envs/tensorflow/lib/python3.7/site-packages/tensorflow/python/profiler/internal/_pywrap_traceme.so
0x000000013628e000 	/opt/anaconda3/envs/tensorflow/lib/python3.7/site-packages/tensorflow/python/_op_def_registry.so
0x00000001363ee000 	/opt/anaconda3/envs/tensorflow/lib/python3.7/site-packages/tensorflow/python/_pywrap_events_writer.so
0x0000000136558000 	/opt/anaconda3/envs/tensorflow/lib/python3.7/site-packages/tensorflow/python/_pywrap_file_io.so
0x00000001366cf000 	/opt/anaconda3/envs/tensorflow/lib/python3.7/site-packages/tensorflow/python/profiler/internal/_pywrap_profiler.so
0x0000000136f3b000 	/opt/anaconda3/envs/tensorflow/lib/python3.7/site-packages/tensorflow/python/_pywrap_record_io.so
0x00000001370b3000 	/opt/anaconda3/envs/tensorflow/lib/python3.7/site-packages/tensorflow/python/_pywrap_checkpoint_reader.so
0x0000000137235000 	/opt/anaconda3/envs/tensorflow/lib/python3.7/site-packages/tensorflow/python/_pywrap_py_func.so
0x000000013724d000 	/opt/anaconda3/envs/tensorflow/lib/python3.7/site-packages/tensorflow/python/data/experimental/service/_pywrap_server_lib.so
0x00000001373b9000 	/opt/anaconda3/envs/tensorflow/lib/python3.7/site-packages/tensorflow/python/_pywrap_tf32_execution.so
0x00000001373d1000 	/opt/anaconda3/envs/tensorflow/lib/python3.7/site-packages/tensorflow/python/_pywrap_device_lib.so
0x0000000137531000 	/opt/anaconda3/envs/tensorflow/lib/python3.7/site-packages/h5py/_errors.cpython-37m-darwin.so
0x000000013753f000 	/opt/anaconda3/envs/tensorflow/lib/python3.7/site-packages/h5py/.dylibs/libhdf5.103.dylib
0x0000000137aad000 	/opt/anaconda3/envs/tensorflow/lib/python3.7/site-packages/h5py/.dylibs/libhdf5_hl.100.dylib
0x0000000137ad6000 	/opt/anaconda3/envs/tensorflow/lib/python3.7/site-packages/h5py/.dylibs/libsz.2.dylib
0x0000000137ada000 	/opt/anaconda3/envs/tensorflow/lib/python3.7/site-packages/h5py/.dylibs/libaec.0.dylib
0x0000000137ae3000 	/opt/anaconda3/envs/tensorflow/lib/python3.7/site-packages/h5py/h5.cpython-37m-darwin.so
0x0000000137b03000 	/opt/anaconda3/envs/tensorflow/lib/python3.7/site-packages/h5py/defs.cpython-37m-darwin.so
0x0000000137b40000 	/opt/anaconda3/envs/tensorflow/lib/python3.7/site-packages/h5py/_objects.cpython-37m-darwin.so
0x0000000137b64000 	/opt/anaconda3/envs/tensorflow/lib/python3.7/site-packages/h5py/_conv.cpython-37m-darwin.so
0x0000000137b78000 	/opt/anaconda3/envs/tensorflow/lib/python3.7/site-packages/h5py/h5r.cpython-37m-darwin.so
0x0000000137b8a000 	/opt/anaconda3/envs/tensorflow/lib/python3.7/site-packages/h5py/h5t.cpython-37m-darwin.so
0x0000000137c1e000 	/opt/anaconda3/envs/tensorflow/lib/python3.7/site-packages/h5py/utils.cpython-37m-darwin.so
0x0000000137c2b000 	/opt/anaconda3/envs/tensorflow/lib/python3.7/site-packages/h5py/h5z.cpython-37m-darwin.so
0x0000000137c39000 	/opt/anaconda3/envs/tensorflow/lib/python3.7/site-packages/h5py/h5a.cpython-37m-darwin.so
0x0000000137c60000 	/opt/anaconda3/envs/tensorflow/lib/python3.7/site-packages/h5py/h5s.cpython-37m-darwin.so
0x0000000137c83000 	/opt/anaconda3/envs/tensorflow/lib/python3.7/site-packages/h5py/h5p.cpython-37m-darwin.so
0x0000000137cec000 	/opt/anaconda3/envs/tensorflow/lib/python3.7/site-packages/h5py/h5ac.cpython-37m-darwin.so
0x0000000137cfa000 	/opt/anaconda3/envs/tensorflow/lib/python3.7/site-packages/h5py/_proxy.cpython-37m-darwin.so
0x0000000137d06000 	/opt/anaconda3/envs/tensorflow/lib/python3.7/site-packages/h5py/h5d.cpython-37m-darwin.so
0x0000000137d2b000 	/opt/anaconda3/envs/tensorflow/lib/python3.7/site-packages/h5py/h5ds.cpython-37m-darwin.so
0x0000000137d41000 	/opt/anaconda3/envs/tensorflow/lib/python3.7/site-packages/h5py/h5f.cpython-37m-darwin.so
0x0000000137d68000 	/opt/anaconda3/envs/tensorflow/lib/python3.7/site-packages/h5py/h5g.cpython-37m-darwin.so
0x0000000137d98000 	/opt/anaconda3/envs/tensorflow/lib/python3.7/site-packages/h5py/h5i.cpython-37m-darwin.so
0x0000000137da8000 	/opt/anaconda3/envs/tensorflow/lib/python3.7/site-packages/h5py/h5fd.cpython-37m-darwin.so
0x0000000137dd9000 	/opt/anaconda3/envs/tensorflow/lib/python3.7/site-packages/h5py/h5pl.cpython-37m-darwin.so
0x0000000137de3000 	/opt/anaconda3/envs/tensorflow/lib/python3.7/site-packages/h5py/h5o.cpython-37m-darwin.so
0x0000000137e04000 	/opt/anaconda3/envs/tensorflow/lib/python3.7/site-packages/h5py/h5l.cpython-37m-darwin.so
0x0000000137e22000 	/opt/anaconda3/envs/tensorflow/lib/python3.7/site-packages/scipy/_lib/_ccallback_c.cpython-37m-darwin.so
0x0000000137e39000 	/opt/anaconda3/envs/tensorflow/lib/python3.7/site-packages/scipy/_lib/_uarray/_uarray.cpython-37m-darwin.so
0x0000000137e49000 	/opt/anaconda3/envs/tensorflow/lib/python3.7/site-packages/scipy/fft/_pocketfft/pypocketfft.cpython-37m-darwin.so
0x0000000137fa0000 	/opt/anaconda3/envs/tensorflow/lib/python3.7/site-packages/scipy/sparse/_sparsetools.cpython-37m-darwin.so
0x000000013847f000 	/opt/anaconda3/envs/tensorflow/lib/python3.7/site-packages/scipy/sparse/_csparsetools.cpython-37m-darwin.so
0x0000000138529000 	/opt/anaconda3/envs/tensorflow/lib/python3.7/site-packages/scipy/sparse/csgraph/_shortest_path.cpython-37m-darwin.so
0x00000001385a0000 	/opt/anaconda3/envs/tensorflow/lib/python3.7/site-packages/scipy/sparse/csgraph/_tools.cpython-37m-darwin.so
0x00000001385cf000 	/opt/anaconda3/envs/tensorflow/lib/python3.7/site-packages/scipy/sparse/csgraph/_traversal.cpython-37m-darwin.so
0x00000001385f6000 	/opt/anaconda3/envs/tensorflow/lib/python3.7/site-packages/scipy/sparse/csgraph/_min_spanning_tree.cpython-37m-darwin.so
0x0000000138628000 	/opt/anaconda3/envs/tensorflow/lib/python3.7/site-packages/scipy/sparse/csgraph/_flow.cpython-37m-darwin.so
0x000000013866b000 	/opt/anaconda3/envs/tensorflow/lib/python3.7/site-packages/scipy/sparse/csgraph/_matching.cpython-37m-darwin.so
0x00000001386a0000 	/opt/anaconda3/envs/tensorflow/lib/python3.7/site-packages/scipy/sparse/csgraph/_reordering.cpython-37m-darwin.so
0x00000001386e4000 	/opt/anaconda3/envs/tensorflow/lib/python3.7/site-packages/tensorflow/python/_pywrap_tf_optimizer.so
0x000000013884a000 	/opt/anaconda3/envs/tensorflow/lib/python3.7/site-packages/tensorflow/python/_pywrap_tf_cluster.so
0x00000001389c5000 	/opt/anaconda3/envs/tensorflow/lib/python3.7/site-packages/tensorflow/python/_pywrap_tfprof.so
0x0000000138b28000 	/opt/anaconda3/envs/tensorflow/lib/python3.7/site-packages/tensorflow/python/_pywrap_quantize_training.so
0x0000000138c88000 	/opt/anaconda3/envs/tensorflow/lib/python3.7/site-packages/tensorflow/python/_pywrap_stacktrace_handler.so
0x0000000138ca0000 	/opt/anaconda3/envs/tensorflow/lib/python3.7/site-packages/tensorflow/python/_pywrap_util_port.so
0x0000000138cb8000 	/opt/anaconda3/envs/tensorflow/lib/python3.7/site-packages/tensorflow/python/_pywrap_debug_events_writer.so
0x0000000138e1f000 	/opt/anaconda3/envs/tensorflow/lib/python3.7/site-packages/tensorflow/python/_pywrap_mlir.so
0x0000000138fa5000 	/opt/anaconda3/envs/tensorflow/lib/python3.7/site-packages/tensorflow/python/_pywrap_python_op_gen.so
0x0000000138fdd000 	/opt/anaconda3/envs/tensorflow/lib/python3.7/site-packages/tensorflow/lite/experimental/microfrontend/python/ops/_audio_microfrontend_op.so
0x0000000139015000 	/opt/anaconda3/envs/tensorflow/lib/python3.7/site-packages/tensorflow/python/_pywrap_toco_api.so
0x0000000139030000 	/opt/anaconda3/envs/tensorflow/lib/python3.7/site-packages/tensorflow/lite/python/interpreter_wrapper/_pywrap_tensorflow_interpreter_wrapper.so
0x00000001394a4000 	/opt/anaconda3/envs/tensorflow/lib/python3.7/site-packages/scipy/ndimage/_nd_image.cpython-37m-darwin.so
0x00000001394cb000 	/opt/anaconda3/envs/tensorflow/lib/python3.7/site-packages/scipy/ndimage/_ni_label.cpython-37m-darwin.so
0x0000000139522000 	/opt/anaconda3/envs/tensorflow/lib/python3.7/site-packages/scipy/linalg/_fblas.cpython-37m-darwin.so
0x00000001395b3000 	/opt/anaconda3/envs/tensorflow/lib/python3.7/site-packages/scipy/.dylibs/libopenblas.0.dylib
0x000000013d220000 	/opt/anaconda3/envs/tensorflow/lib/python3.7/site-packages/scipy/.dylibs/libgfortran.3.dylib
0x000000013d39b000 	/opt/anaconda3/envs/tensorflow/lib/python3.7/site-packages/scipy/.dylibs/libgcc_s.1.dylib
0x000000013d3bb000 	/opt/anaconda3/envs/tensorflow/lib/python3.7/site-packages/scipy/.dylibs/libquadmath.0.dylib
0x0000000143400000 	/opt/anaconda3/envs/tensorflow/lib/python3.7/site-packages/scipy/linalg/_flapack.cpython-37m-darwin.so
0x00000001435ca000 	/opt/anaconda3/envs/tensorflow/lib/python3.7/site-packages/scipy/linalg/_flinalg.cpython-37m-darwin.so
0x00000001435dd000 	/opt/anaconda3/envs/tensorflow/lib/python3.7/site-packages/scipy/linalg/_solve_toeplitz.cpython-37m-darwin.so
0x000000014361a000 	/opt/anaconda3/envs/tensorflow/lib/python3.7/site-packages/scipy/linalg/_decomp_update.cpython-37m-darwin.so
0x0000000143664000 	/opt/anaconda3/envs/tensorflow/lib/python3.7/site-packages/scipy/linalg/cython_blas.cpython-37m-darwin.so
0x00000001436a5000 	/opt/anaconda3/envs/tensorflow/lib/python3.7/site-packages/scipy/linalg/cython_lapack.cpython-37m-darwin.so
0x00007fff4fa0c000 	/System/Library/PrivateFrameworks/CoreServicesInternal.framework/Versions/A/CoreServicesInternal
0x00007fff38ce3000 	/System/Library/Frameworks/FileProvider.framework/Versions/A/FileProvider
0x00007fff33876000 	/System/Library/Frameworks/Accounts.framework/Versions/A/Accounts
0x00007fff57de2000 	/System/Library/PrivateFrameworks/GenerationalStorage.framework/Versions/A/GenerationalStorage
0x00007fff4ff93000 	/System/Library/PrivateFrameworks/CoreSymbolication.framework/Versions/A/CoreSymbolication
0x00007fff66c31000 	/System/Library/PrivateFrameworks/SymptomDiagnosticReporter.framework/Versions/A/SymptomDiagnosticReporter
0x00007fff4974c000 	/System/Library/PrivateFrameworks/AppContainer.framework/Versions/A/AppContainer
0x00007fff6f627000 	/usr/lib/libsandbox.1.dylib
0x00007fff68589000 	/System/Library/PrivateFrameworks/UserManagement.framework/Versions/A/UserManagement
0x00007fff4c4f0000 	/System/Library/PrivateFrameworks/ChunkingLibrary.framework/Versions/A/ChunkingLibrary
0x00007fff50715000 	/System/Library/PrivateFrameworks/DebugSymbols.framework/Versions/A/DebugSymbols
0x00007fff497be000 	/System/Library/PrivateFrameworks/AppSandbox.framework/Versions/A/AppSandbox
0x00007fff641fa000 	/System/Library/PrivateFrameworks/SecCodeWrapper.framework/Versions/A/SecCodeWrapper
0x00007fff6d4de000 	/usr/lib/libMatch.1.dylib
0x0000000146ce5000 	/usr/lib/libobjc-trampolines.dylib
0x00007fff323f4000 	/System/Library/Frameworks/Accelerate.framework/Versions/A/Frameworks/vImage.framework/Versions/A/Libraries/libCGInterfaces.dylib
0x00007fff52e78000 	/System/Library/PrivateFrameworks/FontServices.framework/libTrueTypeScaler.dylib
0x00007fff2985e000 	/System/Library/CoreServices/RawCamera.bundle/Contents/MacOS/RawCamera
0x00007fff5d2d4000 	/System/Library/PrivateFrameworks/MobileAsset.framework/Versions/A/MobileAsset
0x00007fff66ad9000 	/System/Library/PrivateFrameworks/StreamingZip.framework/Versions/A/StreamingZip
0x00007fff3b594000 	/System/Library/Frameworks/MediaToolbox.framework/Versions/A/MediaToolbox
0x00007fff4df03000 	/System/Library/PrivateFrameworks/CoreAVCHD.framework/Versions/A/CoreAVCHD
0x00007fff3b4be000 	/System/Library/Frameworks/MediaAccessibility.framework/Versions/A/MediaAccessibility
0x00007fff5c688000 	/System/Library/PrivateFrameworks/Mangrove.framework/Versions/A/Mangrove
0x00007fff3798c000 	/System/Library/Frameworks/CoreMedia.framework/Versions/A/CoreMedia
0x00007fff5c8f4000 	/System/Library/PrivateFrameworks/MediaExperience.framework/Versions/A/MediaExperience
0x00007fff4446a000 	/System/Library/Frameworks/VideoToolbox.framework/Versions/A/VideoToolbox
0x00007fff4db2d000 	/System/Library/PrivateFrameworks/CoreAUC.framework/Versions/A/CoreAUC
0x00007fff6f67f000 	/usr/lib/libspindump.dylib
0x00007fff4ab8c000 	/System/Library/PrivateFrameworks/AudioResourceArbitration.framework/Versions/A/AudioResourceArbitration
0x00007fff4a5a1000 	/System/Library/PrivateFrameworks/AppleVA.framework/Versions/A/AppleVA
0x00007fff69355000 	/System/Library/PrivateFrameworks/ViewBridge.framework/Versions/A/ViewBridge
0x00007fff6a5e6000 	/System/Library/PrivateFrameworks/login.framework/Versions/A/login
0x00007fff2f16c000 	/System/Library/Extensions/AppleIntelKBLGraphicsMTLDriver.bundle/Contents/MacOS/AppleIntelKBLGraphicsMTLDriver
0x00007fff56402000 	/System/Library/PrivateFrameworks/GPUCompiler.framework/Versions/3902/Libraries/libmetal_timestamp.dylib
0x00000001494d5000 	/Library/Java/JavaVirtualMachines/jdk1.8.0_261.jdk/Contents/Home/jre/lib/jli/libjli.dylib
0x00007fff358ca000 	/System/Library/Frameworks/Cocoa.framework/Versions/A/Cocoa
0x00000001494e8000 	/Library/Java/JavaVirtualMachines/jdk1.8.0_261.jdk/Contents/Home/jre/lib/server/libjvm.dylib
0x0000000148c4f000 	/Library/Java/JavaVirtualMachines/jdk1.8.0_261.jdk/Contents/Home/jre/lib/libverify.dylib
0x000000014a2f4000 	/Library/Java/JavaVirtualMachines/jdk1.8.0_261.jdk/Contents/Home/jre/lib/libjava.dylib
0x000000014a327000 	/Library/Java/JavaVirtualMachines/jdk1.8.0_261.jdk/Contents/Home/jre/lib/libzip.dylib
0x000000015c695000 	/Library/Java/JavaVirtualMachines/jdk1.8.0_261.jdk/Contents/Home/jre/lib/libnio.dylib
0x000000015c6a7000 	/Library/Java/JavaVirtualMachines/jdk1.8.0_261.jdk/Contents/Home/jre/lib/libnet.dylib

VM Arguments:
jvm_args: -Dfile.encoding=UTF8 -ea -Xmx1024m 
java_command: <unknown>
java_class_path (initial): /opt/anaconda3/envs/tensorflow/lib/python3.7/site-packages/konlpy/java:/opt/anaconda3/envs/tensorflow/lib/python3.7/site-packages/konlpy/java/bin:/opt/anaconda3/envs/tensorflow/lib/python3.7/site-packages/konlpy/java/*:/opt/anaconda3/envs/tensorflow/lib/python3.7/site-packages/konlpy/java/jhannanum-0.8.4.jar:/opt/anaconda3/envs/tensorflow/lib/python3.7/site-packages/konlpy/java/kkma-2.0.jar:/opt/anaconda3/envs/tensorflow/lib/python3.7/site-packages/konlpy/java/aho-corasick.jar:/opt/anaconda3/envs/tensorflow/lib/python3.7/site-packages/konlpy/java/shineware-common-1.0.jar:/opt/anaconda3/envs/tensorflow/lib/python3.7/site-packages/konlpy/java/shineware-ds-1.0.jar:/opt/anaconda3/envs/tensorflow/lib/python3.7/site-packages/konlpy/java/komoran-3.0.jar:/opt/anaconda3/envs/tensorflow/lib/python3.7/site-packages/konlpy/java/snakeyaml-1.12.jar:/opt/anaconda3/envs/tensorflow/lib/python3.7/site-packages/konlpy/java/scala-library-2.12.3.jar:/opt/anaconda3/envs/tensorflow/lib/python3.7/site-packages/konlpy/java/open-korean-text-2.1.0.jar:/opt/anaconda3/envs/tensorflow/lib/python3.7/site-packages/konlpy/java/twitter-text-1.14.7.jar:/opt/anaconda3/envs/tensorflow/lib/python3.7/site-packages/konlpy/java/*
Launcher Type: generic

Environment Variables:
JAVA_HOME=/Library/Java/JavaVirtualMachines/jdk1.8.0_261.jdk/Contents/Home
PATH=/opt/anaconda3/envs/tensorflow/bin:/opt/anaconda3/condabin:/usr/local/bin:/usr/bin:/bin:/usr/sbin:/sbin:/Library/Java/JavaVirtualMachines/jdk1.8.0_261.jdk/Contents/Home/bin
SHELL=/bin/zsh

Signal Handlers:
SIGSEGV: [libjvm.dylib+0x5a009b], sa_mask[0]=11111111011111110111111111111111, sa_flags=SA_ONSTACK|SA_RESTART|SA_SIGINFO
SIGBUS: [libjvm.dylib+0x5a009b], sa_mask[0]=11111111011111110111111111111111, sa_flags=SA_RESTART|SA_SIGINFO
SIGFPE: [libjvm.dylib+0x490c6d], sa_mask[0]=11111111011111110111111111111111, sa_flags=SA_RESTART|SA_SIGINFO
SIGPIPE: [libjvm.dylib+0x490c6d], sa_mask[0]=11111111011111110111111111111111, sa_flags=SA_RESTART|SA_SIGINFO
SIGXFSZ: [libjvm.dylib+0x490c6d], sa_mask[0]=11111111011111110111111111111111, sa_flags=SA_RESTART|SA_SIGINFO
SIGILL: [libjvm.dylib+0x490c6d], sa_mask[0]=11111111011111110111111111111111, sa_flags=SA_RESTART|SA_SIGINFO
SIGUSR1: SIG_DFL, sa_mask[0]=11011111011111100000000111000110, sa_flags=none
SIGUSR2: [libjvm.dylib+0x491566], sa_mask[0]=00000000000000000000000000000000, sa_flags=SA_RESTART|SA_SIGINFO
SIGHUP: [libjvm.dylib+0x48f775], sa_mask[0]=11111111011111110111111111111111, sa_flags=SA_RESTART|SA_SIGINFO
SIGINT: [libjvm.dylib+0x48f775], sa_mask[0]=11111111011111110111111111111111, sa_flags=SA_RESTART|SA_SIGINFO
SIGTERM: [libjvm.dylib+0x48f775], sa_mask[0]=11111111011111110111111111111111, sa_flags=SA_RESTART|SA_SIGINFO
SIGQUIT: [libjvm.dylib+0x48f775], sa_mask[0]=11111111011111110111111111111111, sa_flags=SA_RESTART|SA_SIGINFO


---------------  S Y S T E M  ---------------

OS:Bsduname:Darwin 19.6.0 Darwin Kernel Version 19.6.0: Thu Jun 18 20:49:00 PDT 2020; root:xnu-6153.141.1~1/RELEASE_X86_64 x86_64
rlimit: STACK 8192k, CORE 0k, NPROC 1392, NOFILE 10240, AS infinity
load average:2.39 2.52 2.81

CPU:total 8 (initial active 8) (4 cores per cpu, 2 threads per core) family 6 model 142 stepping 10, cmov, cx8, fxsr, mmx, sse, sse2, sse3, ssse3, sse4.1, sse4.2, popcnt, avx, avx2, aes, clmul, erms, 3dnowpref, lzcnt, ht, tsc, tscinvbit, bmi1, bmi2, adx

Memory: 4k page, physical 8388608k(31236k free)

/proc/meminfo:


vm_info: Java HotSpot(TM) 64-Bit Server VM (25.261-b12) for bsd-amd64 JRE (1.8.0_261-b12), built on Jun 18 2020 06:38:55 by "java_re" with gcc 4.2.1 Compatible Apple LLVM 10.0.0 (clang-1000.11.45.5)

time: Sun Nov  8 03:03:37 2020
timezone: KST
elapsed time: 4 seconds (0d 0h 0m 4s)

